
*** Running vivado
    with args -log uart_uart_top_0_0.vds -m64 -product Vivado -mode batch -messageDb vivado.pb -notrace -source uart_uart_top_0_0.tcl


****** Vivado v2020.1 (64-bit)
  **** SW Build 2902540 on Wed May 27 19:54:35 MDT 2020
  **** IP Build 2902112 on Wed May 27 22:43:36 MDT 2020
    ** Copyright 1986-2020 Xilinx, Inc. All Rights Reserved.

source uart_uart_top_0_0.tcl -notrace
Command: synth_design -top uart_uart_top_0_0 -part xc7z020clg400-1 -mode out_of_context
Starting synth_design
WARNING: [IP_Flow 19-3571] IP 'uart_uart_top_0_0' is restricted:
* Module reference is stale and needs refreshing.
Attempting to get a license for feature 'Synthesis' and/or device 'xc7z020'
INFO: [Common 17-349] Got license for feature 'Synthesis' and/or device 'xc7z020'
INFO: [Synth 8-7079] Multithreading enabled for synth_design using a maximum of 4 processes.
INFO: [Synth 8-7078] Launching helper process for spawning children vivado processes
INFO: [Synth 8-7075] Helper process launched with PID 77337
---------------------------------------------------------------------------------
Starting Synthesize : Time (s): cpu = 00:00:03 ; elapsed = 00:00:05 . Memory (MB): peak = 2137.332 ; gain = 0.000 ; free physical = 106 ; free virtual = 1243
---------------------------------------------------------------------------------
INFO: [Synth 8-6157] synthesizing module 'uart_uart_top_0_0' [/media/jeffee/T7/vivado/UART/UART.srcs/sources_1/bd/uart/ip/uart_uart_top_0_0/synth/uart_uart_top_0_0.v:58]
INFO: [Synth 8-6157] synthesizing module 'uart_top' [/media/jeffee/T7/vivado/UART/UART.srcs/sources_1/new/uart_top.v:3]
	Parameter NBYTES bound to: 12 - type: integer 
	Parameter CLK_FREQ bound to: 125000000 - type: integer 
	Parameter BAUD_RATE bound to: 115200 - type: integer 
	Parameter s_IDLE bound to: 3'b000 
	Parameter s_WAIT_RX bound to: 3'b001 
	Parameter s_TX bound to: 3'b010 
	Parameter s_WAIT_TX bound to: 3'b011 
	Parameter s_DONE bound to: 3'b100 
INFO: [Synth 8-6157] synthesizing module 'uart_tx' [/media/jeffee/T7/vivado/UART/UART.srcs/sources_1/new/uart_tx.v:3]
	Parameter CLK_FREQ bound to: 125000000 - type: integer 
	Parameter BAUD_RATE bound to: 115200 - type: integer 
	Parameter CLKS_PER_BIT bound to: 1085 - type: integer 
	Parameter sIDLE bound to: 3'b000 
	Parameter sTX_START bound to: 3'b001 
	Parameter sTX_DATA bound to: 3'b010 
	Parameter sTX_STOP bound to: 3'b011 
	Parameter sDONE bound to: 3'b100 
INFO: [Synth 8-6155] done synthesizing module 'uart_tx' (1#1) [/media/jeffee/T7/vivado/UART/UART.srcs/sources_1/new/uart_tx.v:3]
INFO: [Synth 8-6157] synthesizing module 'uart_rx' [/media/jeffee/T7/vivado/UART/UART.srcs/sources_1/new/uart_rx.v:3]
	Parameter CLK_FREQ bound to: 125000000 - type: integer 
	Parameter BAUD_RATE bound to: 115200 - type: integer 
	Parameter CLKS_PER_BIT bound to: 1085 - type: integer 
	Parameter sIDLE bound to: 3'b000 
	Parameter sRX_START bound to: 3'b001 
	Parameter sRX_DATA bound to: 3'b010 
	Parameter sRX_STOP bound to: 3'b011 
	Parameter sDONE bound to: 3'b100 
INFO: [Synth 8-6155] done synthesizing module 'uart_rx' (2#1) [/media/jeffee/T7/vivado/UART/UART.srcs/sources_1/new/uart_rx.v:3]
INFO: [Synth 8-6155] done synthesizing module 'uart_top' (3#1) [/media/jeffee/T7/vivado/UART/UART.srcs/sources_1/new/uart_top.v:3]
INFO: [Synth 8-6155] done synthesizing module 'uart_uart_top_0_0' (4#1) [/media/jeffee/T7/vivado/UART/UART.srcs/sources_1/bd/uart/ip/uart_uart_top_0_0/synth/uart_uart_top_0_0.v:58]
---------------------------------------------------------------------------------
Finished Synthesize : Time (s): cpu = 00:00:04 ; elapsed = 00:00:06 . Memory (MB): peak = 2137.332 ; gain = 0.000 ; free physical = 730 ; free virtual = 1936
---------------------------------------------------------------------------------
---------------------------------------------------------------------------------
Finished Constraint Validation : Time (s): cpu = 00:00:05 ; elapsed = 00:00:07 . Memory (MB): peak = 2137.332 ; gain = 0.000 ; free physical = 727 ; free virtual = 1933
---------------------------------------------------------------------------------
---------------------------------------------------------------------------------
Start Loading Part and Timing Information
---------------------------------------------------------------------------------
Loading part: xc7z020clg400-1
INFO: [Device 21-403] Loading part xc7z020clg400-1
---------------------------------------------------------------------------------
Finished Loading Part and Timing Information : Time (s): cpu = 00:00:05 ; elapsed = 00:00:07 . Memory (MB): peak = 2145.234 ; gain = 7.902 ; free physical = 726 ; free virtual = 1932
---------------------------------------------------------------------------------
INFO: [Synth 8-802] inferred FSM for state register 'rFSM_Current_reg' in module 'uart_tx'
INFO: [Synth 8-802] inferred FSM for state register 'rFSM_reg' in module 'uart_top'
---------------------------------------------------------------------------------------------------
                   State |                     New Encoding |                Previous Encoding 
---------------------------------------------------------------------------------------------------
                   sIDLE |                            00001 |                              000
               sTX_START |                            00010 |                              001
                sTX_DATA |                            00100 |                              010
                sTX_STOP |                            01000 |                              011
                   sDONE |                            10000 |                              100
---------------------------------------------------------------------------------------------------
INFO: [Synth 8-3354] encoded FSM with state register 'rFSM_Current_reg' using encoding 'one-hot' in module 'uart_tx'
---------------------------------------------------------------------------------------------------
                   State |                     New Encoding |                Previous Encoding 
---------------------------------------------------------------------------------------------------
                  s_IDLE |                             0001 |                              000
               s_WAIT_RX |                             0010 |                              001
                    s_TX |                             0100 |                              010
               s_WAIT_TX |                             1000 |                              011
---------------------------------------------------------------------------------------------------
INFO: [Synth 8-3354] encoded FSM with state register 'rFSM_reg' using encoding 'one-hot' in module 'uart_top'
---------------------------------------------------------------------------------
Finished RTL Optimization Phase 2 : Time (s): cpu = 00:00:05 ; elapsed = 00:00:07 . Memory (MB): peak = 2145.234 ; gain = 7.902 ; free physical = 653 ; free virtual = 1865
---------------------------------------------------------------------------------
No constraint files found.
---------------------------------------------------------------------------------
Start RTL Component Statistics 
---------------------------------------------------------------------------------
Detailed RTL Component Info : 
+---Adders : 
	   2 Input   12 Bit       Adders := 1     
	   2 Input   11 Bit       Adders := 1     
	   2 Input    5 Bit       Adders := 1     
	   2 Input    4 Bit       Adders := 1     
	   2 Input    3 Bit       Adders := 1     
+---Registers : 
	               96 Bit    Registers := 1     
	               12 Bit    Registers := 2     
	                8 Bit    Registers := 3     
	                5 Bit    Registers := 1     
	                4 Bit    Registers := 1     
	                3 Bit    Registers := 2     
	                1 Bit    Registers := 3     
+---Muxes : 
	   4 Input   96 Bit        Muxes := 1     
	   5 Input   12 Bit        Muxes := 1     
	   6 Input   12 Bit        Muxes := 1     
	   2 Input   12 Bit        Muxes := 2     
	   5 Input    8 Bit        Muxes := 1     
	   6 Input    8 Bit        Muxes := 1     
	   2 Input    8 Bit        Muxes := 1     
	   5 Input    5 Bit        Muxes := 1     
	   2 Input    5 Bit        Muxes := 8     
	   4 Input    5 Bit        Muxes := 1     
	   6 Input    4 Bit        Muxes := 1     
	   2 Input    4 Bit        Muxes := 6     
	   4 Input    4 Bit        Muxes := 1     
	   2 Input    3 Bit        Muxes := 2     
	   5 Input    3 Bit        Muxes := 1     
	   2 Input    2 Bit        Muxes := 1     
	   3 Input    2 Bit        Muxes := 1     
	   5 Input    1 Bit        Muxes := 2     
	   3 Input    1 Bit        Muxes := 2     
	   6 Input    1 Bit        Muxes := 2     
	   2 Input    1 Bit        Muxes := 3     
	   4 Input    1 Bit        Muxes := 5     
---------------------------------------------------------------------------------
Finished RTL Component Statistics 
---------------------------------------------------------------------------------
---------------------------------------------------------------------------------
Start Part Resource Summary
---------------------------------------------------------------------------------
Part Resources:
DSPs: 220 (col length:60)
BRAMs: 280 (col length: RAMB18 60 RAMB36 30)
---------------------------------------------------------------------------------
Finished Part Resource Summary
---------------------------------------------------------------------------------
No constraint files found.
---------------------------------------------------------------------------------
Start Cross Boundary and Area Optimization
---------------------------------------------------------------------------------
---------------------------------------------------------------------------------
Finished Cross Boundary and Area Optimization : Time (s): cpu = 00:00:09 ; elapsed = 00:00:15 . Memory (MB): peak = 2145.234 ; gain = 7.902 ; free physical = 425 ; free virtual = 1686
---------------------------------------------------------------------------------
No constraint files found.
---------------------------------------------------------------------------------
Start Timing Optimization
---------------------------------------------------------------------------------
---------------------------------------------------------------------------------
Finished Timing Optimization : Time (s): cpu = 00:00:10 ; elapsed = 00:00:16 . Memory (MB): peak = 2145.234 ; gain = 7.902 ; free physical = 423 ; free virtual = 1685
---------------------------------------------------------------------------------
---------------------------------------------------------------------------------
Start Technology Mapping
---------------------------------------------------------------------------------
---------------------------------------------------------------------------------
Finished Technology Mapping : Time (s): cpu = 00:00:10 ; elapsed = 00:00:16 . Memory (MB): peak = 2145.234 ; gain = 7.902 ; free physical = 423 ; free virtual = 1684
---------------------------------------------------------------------------------
---------------------------------------------------------------------------------
Start IO Insertion
---------------------------------------------------------------------------------
---------------------------------------------------------------------------------
Start Flattening Before IO Insertion
---------------------------------------------------------------------------------
---------------------------------------------------------------------------------
Finished Flattening Before IO Insertion
---------------------------------------------------------------------------------
---------------------------------------------------------------------------------
Start Final Netlist Cleanup
---------------------------------------------------------------------------------
---------------------------------------------------------------------------------
Finished Final Netlist Cleanup
---------------------------------------------------------------------------------
---------------------------------------------------------------------------------
Finished IO Insertion : Time (s): cpu = 00:00:12 ; elapsed = 00:00:18 . Memory (MB): peak = 2145.234 ; gain = 7.902 ; free physical = 423 ; free virtual = 1684
---------------------------------------------------------------------------------
---------------------------------------------------------------------------------
Start Renaming Generated Instances
---------------------------------------------------------------------------------
---------------------------------------------------------------------------------
Finished Renaming Generated Instances : Time (s): cpu = 00:00:12 ; elapsed = 00:00:18 . Memory (MB): peak = 2145.234 ; gain = 7.902 ; free physical = 423 ; free virtual = 1684
---------------------------------------------------------------------------------
---------------------------------------------------------------------------------
Start Rebuilding User Hierarchy
---------------------------------------------------------------------------------
---------------------------------------------------------------------------------
Finished Rebuilding User Hierarchy : Time (s): cpu = 00:00:12 ; elapsed = 00:00:18 . Memory (MB): peak = 2145.234 ; gain = 7.902 ; free physical = 423 ; free virtual = 1684
---------------------------------------------------------------------------------
---------------------------------------------------------------------------------
Start Renaming Generated Ports
---------------------------------------------------------------------------------
---------------------------------------------------------------------------------
Finished Renaming Generated Ports : Time (s): cpu = 00:00:12 ; elapsed = 00:00:18 . Memory (MB): peak = 2145.234 ; gain = 7.902 ; free physical = 423 ; free virtual = 1684
---------------------------------------------------------------------------------
---------------------------------------------------------------------------------
Start Handling Custom Attributes
---------------------------------------------------------------------------------
---------------------------------------------------------------------------------
Finished Handling Custom Attributes : Time (s): cpu = 00:00:12 ; elapsed = 00:00:18 . Memory (MB): peak = 2145.234 ; gain = 7.902 ; free physical = 423 ; free virtual = 1684
---------------------------------------------------------------------------------
---------------------------------------------------------------------------------
Start Renaming Generated Nets
---------------------------------------------------------------------------------
---------------------------------------------------------------------------------
Finished Renaming Generated Nets : Time (s): cpu = 00:00:12 ; elapsed = 00:00:18 . Memory (MB): peak = 2145.234 ; gain = 7.902 ; free physical = 423 ; free virtual = 1684
---------------------------------------------------------------------------------
---------------------------------------------------------------------------------
Start Writing Synthesis Report
---------------------------------------------------------------------------------

Report BlackBoxes: 
+-+--------------+----------+
| |BlackBox name |Instances |
+-+--------------+----------+
+-+--------------+----------+

Report Cell Usage: 
+------+-------+------+
|      |Cell   |Count |
+------+-------+------+
|1     |CARRY4 |     3|
|2     |LUT2   |    15|
|3     |LUT3   |   106|
|4     |LUT4   |    18|
|5     |LUT5   |    19|
|6     |LUT6   |    47|
|7     |FDRE   |   168|
|8     |FDSE   |     2|
+------+-------+------+

Report Instance Areas: 
+------+-----------------+---------+------+
|      |Instance         |Module   |Cells |
+------+-----------------+---------+------+
|1     |top              |         |   378|
|2     |  inst           |uart_top |   378|
|3     |    UART_RX_INST |uart_rx  |    88|
|4     |    UART_TX_INST |uart_tx  |    81|
+------+-----------------+---------+------+
---------------------------------------------------------------------------------
Finished Writing Synthesis Report : Time (s): cpu = 00:00:12 ; elapsed = 00:00:18 . Memory (MB): peak = 2145.234 ; gain = 7.902 ; free physical = 423 ; free virtual = 1684
---------------------------------------------------------------------------------
Synthesis finished with 0 errors, 0 critical warnings and 0 warnings.
Synthesis Optimization Runtime : Time (s): cpu = 00:00:12 ; elapsed = 00:00:18 . Memory (MB): peak = 2145.234 ; gain = 7.902 ; free physical = 424 ; free virtual = 1686
Synthesis Optimization Complete : Time (s): cpu = 00:00:12 ; elapsed = 00:00:18 . Memory (MB): peak = 2145.242 ; gain = 7.902 ; free physical = 424 ; free virtual = 1686
INFO: [Project 1-571] Translating synthesized netlist
Netlist sorting complete. Time (s): cpu = 00:00:00.01 ; elapsed = 00:00:00.02 . Memory (MB): peak = 2145.242 ; gain = 0.000 ; free physical = 481 ; free virtual = 1754
INFO: [Netlist 29-17] Analyzing 3 Unisim elements for replacement
INFO: [Netlist 29-28] Unisim Transformation completed in 0 CPU seconds
INFO: [Project 1-570] Preparing netlist for logic optimization
INFO: [Opt 31-138] Pushed 0 inverter(s) to 0 load pin(s).
Netlist sorting complete. Time (s): cpu = 00:00:00 ; elapsed = 00:00:00 . Memory (MB): peak = 2169.246 ; gain = 0.000 ; free physical = 379 ; free virtual = 1672
INFO: [Project 1-111] Unisim Transformation Summary:
No Unisim elements were transformed.

INFO: [Common 17-83] Releasing license: Synthesis
24 Infos, 1 Warnings, 0 Critical Warnings and 0 Errors encountered.
synth_design completed successfully
synth_design: Time (s): cpu = 00:00:18 ; elapsed = 00:00:20 . Memory (MB): peak = 2169.246 ; gain = 32.016 ; free physical = 520 ; free virtual = 1812
INFO: [Timing 38-35] Done setting XDC timing constraints.
INFO: [Common 17-1381] The checkpoint '/media/jeffee/T7/vivado/UART/UART.runs/uart_uart_top_0_0_synth_1/uart_uart_top_0_0.dcp' has been generated.
write_checkpoint: Time (s): cpu = 00:00:06 ; elapsed = 00:00:07 . Memory (MB): peak = 2552.230 ; gain = 382.984 ; free physical = 127 ; free virtual = 1443
WARNING: [Common 17-576] 'use_project_ipc' is deprecated. This option is deprecated and no longer used.
INFO: [Coretcl 2-1174] Renamed 3 cell refs.
WARNING: [Constraints 18-5210] No constraints selected for write.
Resolution: This message can indicate that there are no constraints for the design, or it can indicate that the used_in flags are set such that the constraints are ignored. This later case is used when running synth_design to not write synthesis constraints to the resulting checkpoint. Instead, project constraints are read when the synthesized design is opened.
INFO: [Common 17-1381] The checkpoint '/media/jeffee/T7/vivado/UART/UART.runs/uart_uart_top_0_0_synth_1/uart_uart_top_0_0.dcp' has been generated.
INFO: [runtcl-4] Executing : report_utilization -file uart_uart_top_0_0_utilization_synth.rpt -pb uart_uart_top_0_0_utilization_synth.pb
INFO: [Common 17-206] Exiting Vivado at Thu Mar 23 10:35:42 2023...
