
*** Running vivado
    with args -log uart_wrapper.vdi -applog -m64 -product Vivado -messageDb vivado.pb -mode batch -source uart_wrapper.tcl -notrace


****** Vivado v2020.1 (64-bit)
  **** SW Build 2902540 on Wed May 27 19:54:35 MDT 2020
  **** IP Build 2902112 on Wed May 27 22:43:36 MDT 2020
    ** Copyright 1986-2020 Xilinx, Inc. All Rights Reserved.

source uart_wrapper.tcl -notrace
INFO: [IP_Flow 19-234] Refreshing IP repositories
INFO: [IP_Flow 19-1704] No user IP repositories specified
INFO: [IP_Flow 19-2313] Loaded Vivado IP repository '/tools/Xilinx/Vivado/2020.1/data/ip'.
Command: link_design -top uart_wrapper -part xc7z020clg400-1
Design is defaulting to srcset: sources_1
Design is defaulting to constrset: constrs_1
INFO: [Device 21-403] Loading part xc7z020clg400-1
INFO: [Project 1-454] Reading design checkpoint '/media/jeffee/T7/vivado/Final/Final.srcs/sources_1/bd/uart/ip/uart_Debounce_Switch_0_0/uart_Debounce_Switch_0_0.dcp' for cell 'uart_i/Debounce_Switch_0'
INFO: [Project 1-454] Reading design checkpoint '/media/jeffee/T7/vivado/Final/Final.srcs/sources_1/bd/uart/ip/uart_uart_top_sub_0_0/uart_uart_top_sub_0_0.dcp' for cell 'uart_i/uart_top_sub_0'
Netlist sorting complete. Time (s): cpu = 00:00:00.01 ; elapsed = 00:00:00.01 . Memory (MB): peak = 2151.844 ; gain = 0.000 ; free physical = 244 ; free virtual = 1187
INFO: [Netlist 29-17] Analyzing 12 Unisim elements for replacement
INFO: [Netlist 29-28] Unisim Transformation completed in 0 CPU seconds
INFO: [Project 1-479] Netlist was created with Vivado 2020.1
INFO: [Project 1-570] Preparing netlist for logic optimization
Parsing XDC File [/media/jeffee/T7/vivado/Final/Final.srcs/constrs_1/new/pynq-z2.xdc]
Finished Parsing XDC File [/media/jeffee/T7/vivado/Final/Final.srcs/constrs_1/new/pynq-z2.xdc]
INFO: [Opt 31-138] Pushed 0 inverter(s) to 0 load pin(s).
Netlist sorting complete. Time (s): cpu = 00:00:00 ; elapsed = 00:00:00 . Memory (MB): peak = 2159.746 ; gain = 0.000 ; free physical = 142 ; free virtual = 1089
INFO: [Project 1-111] Unisim Transformation Summary:
No Unisim elements were transformed.

12 Infos, 0 Warnings, 0 Critical Warnings and 0 Errors encountered.
link_design completed successfully
link_design: Time (s): cpu = 00:00:06 ; elapsed = 00:00:09 . Memory (MB): peak = 2159.746 ; gain = 8.000 ; free physical = 142 ; free virtual = 1089
Command: opt_design
Attempting to get a license for feature 'Implementation' and/or device 'xc7z020'
INFO: [Common 17-349] Got license for feature 'Implementation' and/or device 'xc7z020'
Running DRC as a precondition to command opt_design

Starting DRC Task
INFO: [DRC 23-27] Running DRC with 4 threads
INFO: [Project 1-461] DRC finished with 0 Errors
INFO: [Project 1-462] Please refer to the DRC report (report_drc) for more information.

Time (s): cpu = 00:00:02 ; elapsed = 00:00:02 . Memory (MB): peak = 2191.762 ; gain = 32.016 ; free physical = 132 ; free virtual = 1079

Starting Cache Timing Information Task
INFO: [Timing 38-35] Done setting XDC timing constraints.
Ending Cache Timing Information Task | Checksum: 9fa37cfb

Time (s): cpu = 00:00:07 ; elapsed = 00:00:08 . Memory (MB): peak = 2500.730 ; gain = 308.969 ; free physical = 117 ; free virtual = 710

Starting Logic Optimization Task

Phase 1 Retarget
INFO: [Opt 31-138] Pushed 0 inverter(s) to 0 load pin(s).
INFO: [Opt 31-49] Retargeted 0 cell(s).
Phase 1 Retarget | Checksum: 9fa37cfb

Time (s): cpu = 00:00:00.20 ; elapsed = 00:00:00.17 . Memory (MB): peak = 2664.668 ; gain = 0.000 ; free physical = 124 ; free virtual = 552
INFO: [Opt 31-389] Phase Retarget created 0 cells and removed 0 cells

Phase 2 Constant propagation
INFO: [Opt 31-138] Pushed 0 inverter(s) to 0 load pin(s).
Phase 2 Constant propagation | Checksum: 9fa37cfb

Time (s): cpu = 00:00:00.23 ; elapsed = 00:00:00.20 . Memory (MB): peak = 2664.668 ; gain = 0.000 ; free physical = 124 ; free virtual = 552
INFO: [Opt 31-389] Phase Constant propagation created 0 cells and removed 0 cells

Phase 3 Sweep
Phase 3 Sweep | Checksum: f2d2719c

Time (s): cpu = 00:00:00.27 ; elapsed = 00:00:00.26 . Memory (MB): peak = 2664.668 ; gain = 0.000 ; free physical = 122 ; free virtual = 551
INFO: [Opt 31-389] Phase Sweep created 0 cells and removed 0 cells

Phase 4 BUFG optimization
INFO: [Opt 31-194] Inserted BUFG iClk_IBUF_BUFG_inst to drive 3202 load(s) on clock net iClk_IBUF_BUFG
INFO: [Opt 31-193] Inserted 1 BUFG(s) on clock nets
Phase 4 BUFG optimization | Checksum: 114005606

Time (s): cpu = 00:00:00.32 ; elapsed = 00:00:00.32 . Memory (MB): peak = 2664.668 ; gain = 0.000 ; free physical = 121 ; free virtual = 551
INFO: [Opt 31-662] Phase BUFG optimization created 1 cells of which 1 are BUFGs and removed 0 cells.

Phase 5 Shift Register Optimization
INFO: [Opt 31-1064] SRL Remap converted 0 SRLs to 0 registers and converted 0 registers of register chains to 0 SRLs
Phase 5 Shift Register Optimization | Checksum: 114005606

Time (s): cpu = 00:00:00.34 ; elapsed = 00:00:00.35 . Memory (MB): peak = 2664.668 ; gain = 0.000 ; free physical = 121 ; free virtual = 551
INFO: [Opt 31-389] Phase Shift Register Optimization created 0 cells and removed 0 cells

Phase 6 Post Processing Netlist
Phase 6 Post Processing Netlist | Checksum: 114005606

Time (s): cpu = 00:00:00.36 ; elapsed = 00:00:00.37 . Memory (MB): peak = 2664.668 ; gain = 0.000 ; free physical = 121 ; free virtual = 551
INFO: [Opt 31-389] Phase Post Processing Netlist created 0 cells and removed 0 cells
Opt_design Change Summary
=========================


-------------------------------------------------------------------------------------------------------------------------
|  Phase                        |  #Cells created  |  #Cells Removed  |  #Constrained objects preventing optimizations  |
-------------------------------------------------------------------------------------------------------------------------
|  Retarget                     |               0  |               0  |                                              0  |
|  Constant propagation         |               0  |               0  |                                              0  |
|  Sweep                        |               0  |               0  |                                              0  |
|  BUFG optimization            |               1  |               0  |                                              0  |
|  Shift Register Optimization  |               0  |               0  |                                              0  |
|  Post Processing Netlist      |               0  |               0  |                                              0  |
-------------------------------------------------------------------------------------------------------------------------



Starting Connectivity Check Task

Time (s): cpu = 00:00:00.03 ; elapsed = 00:00:00.01 . Memory (MB): peak = 2664.668 ; gain = 0.000 ; free physical = 121 ; free virtual = 551
Ending Logic Optimization Task | Checksum: 1de63b55b

Time (s): cpu = 00:00:00.50 ; elapsed = 00:00:00.45 . Memory (MB): peak = 2664.668 ; gain = 0.000 ; free physical = 121 ; free virtual = 551

Starting Power Optimization Task
INFO: [Pwropt 34-132] Skipping clock gating for clocks with a period < 2.00 ns.
Ending Power Optimization Task | Checksum: 1de63b55b

Time (s): cpu = 00:00:00.02 ; elapsed = 00:00:00.02 . Memory (MB): peak = 2664.668 ; gain = 0.000 ; free physical = 120 ; free virtual = 551

Starting Final Cleanup Task
Ending Final Cleanup Task | Checksum: 1de63b55b

Time (s): cpu = 00:00:00 ; elapsed = 00:00:00 . Memory (MB): peak = 2664.668 ; gain = 0.000 ; free physical = 120 ; free virtual = 551

Starting Netlist Obfuscation Task
Netlist sorting complete. Time (s): cpu = 00:00:00 ; elapsed = 00:00:00 . Memory (MB): peak = 2664.668 ; gain = 0.000 ; free physical = 120 ; free virtual = 551
Ending Netlist Obfuscation Task | Checksum: 1de63b55b

Time (s): cpu = 00:00:00 ; elapsed = 00:00:00.01 . Memory (MB): peak = 2664.668 ; gain = 0.000 ; free physical = 120 ; free virtual = 551
INFO: [Common 17-83] Releasing license: Implementation
31 Infos, 0 Warnings, 0 Critical Warnings and 0 Errors encountered.
opt_design completed successfully
opt_design: Time (s): cpu = 00:00:11 ; elapsed = 00:00:12 . Memory (MB): peak = 2664.668 ; gain = 504.922 ; free physical = 120 ; free virtual = 551
Writing placer database...
INFO: [Timing 38-480] Writing timing data to binary archive.
Writing XDEF routing.
Writing XDEF routing logical nets.
Writing XDEF routing special nets.
Write XDEF Complete: Time (s): cpu = 00:00:00.27 ; elapsed = 00:00:00.14 . Memory (MB): peak = 2704.688 ; gain = 0.000 ; free physical = 114 ; free virtual = 538
INFO: [Common 17-1381] The checkpoint '/media/jeffee/T7/vivado/Final/Final.runs/impl_1/uart_wrapper_opt.dcp' has been generated.
INFO: [runtcl-4] Executing : report_drc -file uart_wrapper_drc_opted.rpt -pb uart_wrapper_drc_opted.pb -rpx uart_wrapper_drc_opted.rpx
Command: report_drc -file uart_wrapper_drc_opted.rpt -pb uart_wrapper_drc_opted.pb -rpx uart_wrapper_drc_opted.rpx
INFO: [IP_Flow 19-1839] IP Catalog is up to date.
INFO: [DRC 23-27] Running DRC with 4 threads
INFO: [Coretcl 2-168] The results of DRC are in file /media/jeffee/T7/vivado/Final/Final.runs/impl_1/uart_wrapper_drc_opted.rpt.
report_drc completed successfully
Command: place_design
Attempting to get a license for feature 'Implementation' and/or device 'xc7z020'
INFO: [Common 17-349] Got license for feature 'Implementation' and/or device 'xc7z020'
INFO: [DRC 23-27] Running DRC with 4 threads
INFO: [Vivado_Tcl 4-198] DRC finished with 0 Errors
INFO: [Vivado_Tcl 4-199] Please refer to the DRC report (report_drc) for more information.
Running DRC as a precondition to command place_design
INFO: [DRC 23-27] Running DRC with 4 threads
INFO: [Vivado_Tcl 4-198] DRC finished with 0 Errors
INFO: [Vivado_Tcl 4-199] Please refer to the DRC report (report_drc) for more information.

Starting Placer Task
INFO: [Place 30-611] Multithreading enabled for place_design using a maximum of 4 CPUs

Phase 1 Placer Initialization

Phase 1.1 Placer Initialization Netlist Sorting
Netlist sorting complete. Time (s): cpu = 00:00:00 ; elapsed = 00:00:00 . Memory (MB): peak = 2704.688 ; gain = 0.000 ; free physical = 125 ; free virtual = 538
Phase 1.1 Placer Initialization Netlist Sorting | Checksum: f54d6b95

Time (s): cpu = 00:00:00 ; elapsed = 00:00:00.02 . Memory (MB): peak = 2704.688 ; gain = 0.000 ; free physical = 125 ; free virtual = 538
Netlist sorting complete. Time (s): cpu = 00:00:00 ; elapsed = 00:00:00.01 . Memory (MB): peak = 2704.688 ; gain = 0.000 ; free physical = 125 ; free virtual = 537

Phase 1.2 IO Placement/ Clock Placement/ Build Placer Device
INFO: [Timing 38-35] Done setting XDC timing constraints.
Phase 1.2 IO Placement/ Clock Placement/ Build Placer Device | Checksum: 13f7126fe

Time (s): cpu = 00:00:00.75 ; elapsed = 00:00:00.48 . Memory (MB): peak = 2704.688 ; gain = 0.000 ; free physical = 116 ; free virtual = 514

Phase 1.3 Build Placer Netlist Model
Phase 1.3 Build Placer Netlist Model | Checksum: 18221eba7

Time (s): cpu = 00:00:02 ; elapsed = 00:00:01 . Memory (MB): peak = 2704.688 ; gain = 0.000 ; free physical = 136 ; free virtual = 521

Phase 1.4 Constrain Clocks/Macros
Phase 1.4 Constrain Clocks/Macros | Checksum: 18221eba7

Time (s): cpu = 00:00:02 ; elapsed = 00:00:01 . Memory (MB): peak = 2704.688 ; gain = 0.000 ; free physical = 136 ; free virtual = 521
Phase 1 Placer Initialization | Checksum: 18221eba7

Time (s): cpu = 00:00:02 ; elapsed = 00:00:01 . Memory (MB): peak = 2704.688 ; gain = 0.000 ; free physical = 135 ; free virtual = 520

Phase 2 Global Placement

Phase 2.1 Floorplanning
Phase 2.1 Floorplanning | Checksum: 197603ac2

Time (s): cpu = 00:00:02 ; elapsed = 00:00:01 . Memory (MB): peak = 2704.688 ; gain = 0.000 ; free physical = 128 ; free virtual = 514

Phase 2.2 Global Placement Core

Phase 2.2.1 Physical Synthesis In Placer
INFO: [Physopt 32-1035] Found 21 LUTNM shape to break, 7 LUT instances to create LUTNM shape
INFO: [Physopt 32-1044] Break lutnm for timing: one critical 21, two critical 0, total 21, new lutff created 6
INFO: [Physopt 32-775] End 1 Pass. Optimized 24 nets or cells. Created 21 new cells, deleted 3 existing cells and moved 0 existing cell
INFO: [Physopt 32-76] Pass 1. Identified 2 candidate nets for fanout optimization.
INFO: [Physopt 32-81] Processed net uart_i/uart_top_sub_0/inst/MP_ADDER_INST/rFSM_current[2]. Replicated 5 times.
INFO: [Physopt 32-81] Processed net uart_i/uart_top_sub_0/inst/MP_ADDER_INST/rFSM_current[0]. Replicated 6 times.
INFO: [Physopt 32-232] Optimized 2 nets. Created 11 new instances.
INFO: [Physopt 32-775] End 1 Pass. Optimized 2 nets or cells. Created 11 new cells, deleted 0 existing cell and moved 0 existing cell
Netlist sorting complete. Time (s): cpu = 00:00:00.02 ; elapsed = 00:00:00.02 . Memory (MB): peak = 2715.703 ; gain = 0.000 ; free physical = 103 ; free virtual = 498
INFO: [Physopt 32-456] No candidate cells for DSP register optimization found in the design.
INFO: [Physopt 32-775] End 2 Pass. Optimized 0 net or cell. Created 0 new cell, deleted 0 existing cell and moved 0 existing cell
INFO: [Physopt 32-1123] No candidate cells found for Shift Register to Pipeline optimization
INFO: [Physopt 32-775] End 1 Pass. Optimized 0 net or cell. Created 0 new cell, deleted 0 existing cell and moved 0 existing cell
INFO: [Physopt 32-677] No candidate cells for Shift Register optimization found in the design
INFO: [Physopt 32-775] End 1 Pass. Optimized 0 net or cell. Created 0 new cell, deleted 0 existing cell and moved 0 existing cell
INFO: [Physopt 32-526] No candidate cells for BRAM register optimization found in the design
INFO: [Physopt 32-775] End 1 Pass. Optimized 0 net or cell. Created 0 new cell, deleted 0 existing cell and moved 0 existing cell
INFO: [Physopt 32-846] No candidate cells for URAM register optimization found in the design
INFO: [Physopt 32-775] End 2 Pass. Optimized 0 net or cell. Created 0 new cell, deleted 0 existing cell and moved 0 existing cell
INFO: [Physopt 32-949] No candidate nets found for HD net replication
INFO: [Physopt 32-775] End 1 Pass. Optimized 0 net or cell. Created 0 new cell, deleted 0 existing cell and moved 0 existing cell
Netlist sorting complete. Time (s): cpu = 00:00:00 ; elapsed = 00:00:00 . Memory (MB): peak = 2715.703 ; gain = 0.000 ; free physical = 104 ; free virtual = 498

Summary of Physical Synthesis Optimizations
============================================


-----------------------------------------------------------------------------------------------------------------------------------------------------------
|  Optimization                                     |  Added Cells  |  Removed Cells  |  Optimized Cells/Nets  |  Dont Touch  |  Iterations  |  Elapsed   |
-----------------------------------------------------------------------------------------------------------------------------------------------------------
|  LUT Combining                                    |           21  |              3  |                    24  |           0  |           1  |  00:00:00  |
|  Very High Fanout                                 |           11  |              0  |                     2  |           0  |           1  |  00:00:00  |
|  DSP Register                                     |            0  |              0  |                     0  |           0  |           1  |  00:00:00  |
|  Shift Register to Pipeline                       |            0  |              0  |                     0  |           0  |           1  |  00:00:00  |
|  Shift Register                                   |            0  |              0  |                     0  |           0  |           1  |  00:00:00  |
|  BRAM Register                                    |            0  |              0  |                     0  |           0  |           1  |  00:00:00  |
|  URAM Register                                    |            0  |              0  |                     0  |           0  |           1  |  00:00:00  |
|  Dynamic/Static Region Interface Net Replication  |            0  |              0  |                     0  |           0  |           1  |  00:00:00  |
|  Total                                            |           32  |              3  |                    26  |           0  |           8  |  00:00:01  |
-----------------------------------------------------------------------------------------------------------------------------------------------------------


Phase 2.2.1 Physical Synthesis In Placer | Checksum: 1edc10754

Time (s): cpu = 00:00:09 ; elapsed = 00:00:05 . Memory (MB): peak = 2715.703 ; gain = 11.016 ; free physical = 104 ; free virtual = 499
Phase 2.2 Global Placement Core | Checksum: 255bc36d5

Time (s): cpu = 00:00:09 ; elapsed = 00:00:05 . Memory (MB): peak = 2715.703 ; gain = 11.016 ; free physical = 101 ; free virtual = 498
Phase 2 Global Placement | Checksum: 255bc36d5

Time (s): cpu = 00:00:09 ; elapsed = 00:00:05 . Memory (MB): peak = 2715.703 ; gain = 11.016 ; free physical = 104 ; free virtual = 501

Phase 3 Detail Placement

Phase 3.1 Commit Multi Column Macros
Phase 3.1 Commit Multi Column Macros | Checksum: 20c19bbd5

Time (s): cpu = 00:00:10 ; elapsed = 00:00:05 . Memory (MB): peak = 2715.703 ; gain = 11.016 ; free physical = 104 ; free virtual = 501

Phase 3.2 Commit Most Macros & LUTRAMs
Phase 3.2 Commit Most Macros & LUTRAMs | Checksum: 24a775fe9

Time (s): cpu = 00:00:11 ; elapsed = 00:00:06 . Memory (MB): peak = 2715.703 ; gain = 11.016 ; free physical = 103 ; free virtual = 500

Phase 3.3 Area Swap Optimization
Phase 3.3 Area Swap Optimization | Checksum: 2171165e1

Time (s): cpu = 00:00:11 ; elapsed = 00:00:06 . Memory (MB): peak = 2715.703 ; gain = 11.016 ; free physical = 103 ; free virtual = 500

Phase 3.4 Pipeline Register Optimization
Phase 3.4 Pipeline Register Optimization | Checksum: 25d6f6778

Time (s): cpu = 00:00:11 ; elapsed = 00:00:06 . Memory (MB): peak = 2715.703 ; gain = 11.016 ; free physical = 103 ; free virtual = 500

Phase 3.5 Fast Optimization
Phase 3.5 Fast Optimization | Checksum: 19fcbee23

Time (s): cpu = 00:00:12 ; elapsed = 00:00:06 . Memory (MB): peak = 2715.703 ; gain = 11.016 ; free physical = 102 ; free virtual = 499

Phase 3.6 Small Shape Detail Placement
Phase 3.6 Small Shape Detail Placement | Checksum: 29128c3af

Time (s): cpu = 00:00:14 ; elapsed = 00:00:08 . Memory (MB): peak = 2715.703 ; gain = 11.016 ; free physical = 119 ; free virtual = 495

Phase 3.7 Re-assign LUT pins
Phase 3.7 Re-assign LUT pins | Checksum: 2660ec874

Time (s): cpu = 00:00:14 ; elapsed = 00:00:08 . Memory (MB): peak = 2715.703 ; gain = 11.016 ; free physical = 119 ; free virtual = 495

Phase 3.8 Pipeline Register Optimization
Phase 3.8 Pipeline Register Optimization | Checksum: 18869ff2c

Time (s): cpu = 00:00:14 ; elapsed = 00:00:08 . Memory (MB): peak = 2715.703 ; gain = 11.016 ; free physical = 119 ; free virtual = 495
Phase 3 Detail Placement | Checksum: 18869ff2c

Time (s): cpu = 00:00:14 ; elapsed = 00:00:08 . Memory (MB): peak = 2715.703 ; gain = 11.016 ; free physical = 119 ; free virtual = 495

Phase 4 Post Placement Optimization and Clean-Up

Phase 4.1 Post Commit Optimization
INFO: [Timing 38-35] Done setting XDC timing constraints.

Phase 4.1.1 Post Placement Optimization
Post Placement Optimization Initialization | Checksum: 256ef6d74

Phase 4.1.1.1 BUFG Insertion

Starting Physical Synthesis Task

Phase 1 Physical Synthesis Initialization
INFO: [Physopt 32-721] Multithreading enabled for phys_opt_design using a maximum of 4 CPUs
INFO: [Physopt 32-619] Estimated Timing Summary | WNS=-0.036 | TNS=-0.036 |
Phase 1 Physical Synthesis Initialization | Checksum: 1b7ed0bba

Time (s): cpu = 00:00:00.29 ; elapsed = 00:00:00.12 . Memory (MB): peak = 2725.508 ; gain = 0.000 ; free physical = 115 ; free virtual = 492
INFO: [Place 46-33] Processed net uart_i/Debounce_Switch_0/inst/o_Switch, BUFG insertion was skipped due to placement/routing conflicts.
INFO: [Place 46-56] BUFG insertion identified 1 candidate nets. Inserted BUFG: 0, Replicated BUFG Driver: 0, Skipped due to Placement/Routing Conflicts: 1, Skipped due to Timing Degradation: 0, Skipped due to Illegal Netlist: 0.
Ending Physical Synthesis Task | Checksum: 1c128104b

Time (s): cpu = 00:00:00.44 ; elapsed = 00:00:00.26 . Memory (MB): peak = 2725.508 ; gain = 0.000 ; free physical = 114 ; free virtual = 492
Phase 4.1.1.1 BUFG Insertion | Checksum: 256ef6d74

Time (s): cpu = 00:00:16 ; elapsed = 00:00:09 . Memory (MB): peak = 2725.508 ; gain = 20.820 ; free physical = 115 ; free virtual = 492
INFO: [Place 30-746] Post Placement Timing Summary WNS=0.643. For the most accurate timing information please run report_timing.
Phase 4.1.1 Post Placement Optimization | Checksum: 1ee923661

Time (s): cpu = 00:00:16 ; elapsed = 00:00:10 . Memory (MB): peak = 2725.508 ; gain = 20.820 ; free physical = 114 ; free virtual = 493
Phase 4.1 Post Commit Optimization | Checksum: 1ee923661

Time (s): cpu = 00:00:16 ; elapsed = 00:00:10 . Memory (MB): peak = 2725.508 ; gain = 20.820 ; free physical = 114 ; free virtual = 493

Phase 4.2 Post Placement Cleanup
Phase 4.2 Post Placement Cleanup | Checksum: 1ee923661

Time (s): cpu = 00:00:17 ; elapsed = 00:00:10 . Memory (MB): peak = 2725.508 ; gain = 20.820 ; free physical = 115 ; free virtual = 493

Phase 4.3 Placer Reporting
Phase 4.3 Placer Reporting | Checksum: 1ee923661

Time (s): cpu = 00:00:17 ; elapsed = 00:00:10 . Memory (MB): peak = 2725.508 ; gain = 20.820 ; free physical = 115 ; free virtual = 493

Phase 4.4 Final Placement Cleanup
Netlist sorting complete. Time (s): cpu = 00:00:00 ; elapsed = 00:00:00 . Memory (MB): peak = 2725.508 ; gain = 0.000 ; free physical = 115 ; free virtual = 493
Phase 4.4 Final Placement Cleanup | Checksum: 1177f003a

Time (s): cpu = 00:00:17 ; elapsed = 00:00:10 . Memory (MB): peak = 2725.508 ; gain = 20.820 ; free physical = 115 ; free virtual = 493
Phase 4 Post Placement Optimization and Clean-Up | Checksum: 1177f003a

Time (s): cpu = 00:00:17 ; elapsed = 00:00:10 . Memory (MB): peak = 2725.508 ; gain = 20.820 ; free physical = 115 ; free virtual = 493
Ending Placer Task | Checksum: a7bf854c

Time (s): cpu = 00:00:17 ; elapsed = 00:00:10 . Memory (MB): peak = 2725.508 ; gain = 20.820 ; free physical = 115 ; free virtual = 493
INFO: [Common 17-83] Releasing license: Implementation
73 Infos, 0 Warnings, 0 Critical Warnings and 0 Errors encountered.
place_design completed successfully
place_design: Time (s): cpu = 00:00:18 ; elapsed = 00:00:12 . Memory (MB): peak = 2725.508 ; gain = 20.820 ; free physical = 126 ; free virtual = 505
INFO: [Timing 38-480] Writing timing data to binary archive.
Writing placer database...
Writing XDEF routing.
Writing XDEF routing logical nets.
Writing XDEF routing special nets.
Write XDEF Complete: Time (s): cpu = 00:00:01 ; elapsed = 00:00:00.80 . Memory (MB): peak = 2736.480 ; gain = 2.969 ; free physical = 113 ; free virtual = 504
INFO: [Common 17-1381] The checkpoint '/media/jeffee/T7/vivado/Final/Final.runs/impl_1/uart_wrapper_placed.dcp' has been generated.
INFO: [runtcl-4] Executing : report_io -file uart_wrapper_io_placed.rpt
report_io: Time (s): cpu = 00:00:00.06 ; elapsed = 00:00:00.06 . Memory (MB): peak = 2736.480 ; gain = 0.000 ; free physical = 106 ; free virtual = 494
INFO: [runtcl-4] Executing : report_utilization -file uart_wrapper_utilization_placed.rpt -pb uart_wrapper_utilization_placed.pb
INFO: [runtcl-4] Executing : report_control_sets -verbose -file uart_wrapper_control_sets_placed.rpt
report_control_sets: Time (s): cpu = 00:00:00.01 ; elapsed = 00:00:00.01 . Memory (MB): peak = 2736.480 ; gain = 0.000 ; free physical = 116 ; free virtual = 505
Command: phys_opt_design
Attempting to get a license for feature 'Implementation' and/or device 'xc7z020'
INFO: [Common 17-349] Got license for feature 'Implementation' and/or device 'xc7z020'
INFO: [Vivado_Tcl 4-383] Design worst setup slack (WNS) is greater than or equal to 0.000 ns. Skipping all physical synthesis optimizations.
INFO: [Vivado_Tcl 4-232] No setup violation found. The netlist was not modified.
INFO: [Common 17-83] Releasing license: Implementation
82 Infos, 0 Warnings, 0 Critical Warnings and 0 Errors encountered.
phys_opt_design completed successfully
INFO: [Timing 38-480] Writing timing data to binary archive.
Writing placer database...
Writing XDEF routing.
Writing XDEF routing logical nets.
Writing XDEF routing special nets.
Write XDEF Complete: Time (s): cpu = 00:00:02 ; elapsed = 00:00:01 . Memory (MB): peak = 2767.230 ; gain = 23.750 ; free physical = 108 ; free virtual = 467
INFO: [Common 17-1381] The checkpoint '/media/jeffee/T7/vivado/Final/Final.runs/impl_1/uart_wrapper_physopt.dcp' has been generated.
Command: route_design
Attempting to get a license for feature 'Implementation' and/or device 'xc7z020'
INFO: [Common 17-349] Got license for feature 'Implementation' and/or device 'xc7z020'
Running DRC as a precondition to command route_design
INFO: [DRC 23-27] Running DRC with 4 threads
INFO: [Vivado_Tcl 4-198] DRC finished with 0 Errors
INFO: [Vivado_Tcl 4-199] Please refer to the DRC report (report_drc) for more information.


Starting Routing Task
INFO: [Route 35-254] Multithreading enabled for route_design using a maximum of 4 CPUs
Checksum: PlaceDB: 914b2e34 ConstDB: 0 ShapeSum: 16745718 RouteDB: 0

Phase 1 Build RT Design
Phase 1 Build RT Design | Checksum: 7d7a4c25

Time (s): cpu = 00:00:16 ; elapsed = 00:00:13 . Memory (MB): peak = 2865.848 ; gain = 64.965 ; free physical = 122 ; free virtual = 315
Post Restoration Checksum: NetGraph: 1cc61deb NumContArr: 60b42e3a Constraints: 0 Timing: 0

Phase 2 Router Initialization

Phase 2.1 Create Timer
Phase 2.1 Create Timer | Checksum: 7d7a4c25

Time (s): cpu = 00:00:16 ; elapsed = 00:00:13 . Memory (MB): peak = 2865.848 ; gain = 64.965 ; free physical = 118 ; free virtual = 316

Phase 2.2 Fix Topology Constraints
Phase 2.2 Fix Topology Constraints | Checksum: 7d7a4c25

Time (s): cpu = 00:00:16 ; elapsed = 00:00:13 . Memory (MB): peak = 2873.844 ; gain = 72.961 ; free physical = 107 ; free virtual = 297

Phase 2.3 Pre Route Cleanup
Phase 2.3 Pre Route Cleanup | Checksum: 7d7a4c25

Time (s): cpu = 00:00:16 ; elapsed = 00:00:13 . Memory (MB): peak = 2873.844 ; gain = 72.961 ; free physical = 116 ; free virtual = 295
 Number of Nodes with overlaps = 0

Phase 2.4 Update Timing
Phase 2.4 Update Timing | Checksum: 16ddb7046

Time (s): cpu = 00:00:19 ; elapsed = 00:00:14 . Memory (MB): peak = 2898.898 ; gain = 98.016 ; free physical = 120 ; free virtual = 289
INFO: [Route 35-416] Intermediate Timing Summary | WNS=0.785  | TNS=0.000  | WHS=-0.143 | THS=-81.023|

Phase 2 Router Initialization | Checksum: 19e24968a

Time (s): cpu = 00:00:20 ; elapsed = 00:00:15 . Memory (MB): peak = 2898.898 ; gain = 98.016 ; free physical = 118 ; free virtual = 288

Router Utilization Summary
  Global Vertical Routing Utilization    = 0 %
  Global Horizontal Routing Utilization  = 0 %
  Routable Net Status*
  *Does not include unroutable nets such as driverless and loadless.
  Run report_route_status for detailed report.
  Number of Failed Nets               = 4236
    (Failed Nets is the sum of unrouted and partially routed nets)
  Number of Unrouted Nets             = 4236
  Number of Partially Routed Nets     = 0
  Number of Node Overlaps             = 0


Phase 3 Initial Routing
Phase 3 Initial Routing | Checksum: e37e9ad5

Time (s): cpu = 00:00:21 ; elapsed = 00:00:16 . Memory (MB): peak = 2899.902 ; gain = 99.020 ; free physical = 111 ; free virtual = 284

Phase 4 Rip-up And Reroute

Phase 4.1 Global Iteration 0
 Number of Nodes with overlaps = 953
 Number of Nodes with overlaps = 195
 Number of Nodes with overlaps = 79
 Number of Nodes with overlaps = 22
 Number of Nodes with overlaps = 13
 Number of Nodes with overlaps = 4
 Number of Nodes with overlaps = 1
 Number of Nodes with overlaps = 4
 Number of Nodes with overlaps = 0
INFO: [Route 35-416] Intermediate Timing Summary | WNS=0.074  | TNS=0.000  | WHS=N/A    | THS=N/A    |

Phase 4.1 Global Iteration 0 | Checksum: 17d189134

Time (s): cpu = 00:00:27 ; elapsed = 00:00:19 . Memory (MB): peak = 2899.902 ; gain = 99.020 ; free physical = 114 ; free virtual = 278
Phase 4 Rip-up And Reroute | Checksum: 17d189134

Time (s): cpu = 00:00:27 ; elapsed = 00:00:19 . Memory (MB): peak = 2899.902 ; gain = 99.020 ; free physical = 114 ; free virtual = 278

Phase 5 Delay and Skew Optimization

Phase 5.1 Delay CleanUp

Phase 5.1.1 Update Timing
Phase 5.1.1 Update Timing | Checksum: 1fc3450aa

Time (s): cpu = 00:00:27 ; elapsed = 00:00:20 . Memory (MB): peak = 2899.902 ; gain = 99.020 ; free physical = 114 ; free virtual = 278
INFO: [Route 35-416] Intermediate Timing Summary | WNS=0.152  | TNS=0.000  | WHS=N/A    | THS=N/A    |

Phase 5.1 Delay CleanUp | Checksum: 1fc3450aa

Time (s): cpu = 00:00:27 ; elapsed = 00:00:20 . Memory (MB): peak = 2899.902 ; gain = 99.020 ; free physical = 114 ; free virtual = 278

Phase 5.2 Clock Skew Optimization
Phase 5.2 Clock Skew Optimization | Checksum: 1fc3450aa

Time (s): cpu = 00:00:27 ; elapsed = 00:00:20 . Memory (MB): peak = 2899.902 ; gain = 99.020 ; free physical = 114 ; free virtual = 278
Phase 5 Delay and Skew Optimization | Checksum: 1fc3450aa

Time (s): cpu = 00:00:27 ; elapsed = 00:00:20 . Memory (MB): peak = 2899.902 ; gain = 99.020 ; free physical = 114 ; free virtual = 278

Phase 6 Post Hold Fix

Phase 6.1 Hold Fix Iter

Phase 6.1.1 Update Timing
Phase 6.1.1 Update Timing | Checksum: 1ea0eb974

Time (s): cpu = 00:00:28 ; elapsed = 00:00:20 . Memory (MB): peak = 2899.902 ; gain = 99.020 ; free physical = 115 ; free virtual = 279
INFO: [Route 35-416] Intermediate Timing Summary | WNS=0.152  | TNS=0.000  | WHS=0.096  | THS=0.000  |

Phase 6.1 Hold Fix Iter | Checksum: 1f8e19ad8

Time (s): cpu = 00:00:28 ; elapsed = 00:00:20 . Memory (MB): peak = 2899.902 ; gain = 99.020 ; free physical = 115 ; free virtual = 279
Phase 6 Post Hold Fix | Checksum: 1f8e19ad8

Time (s): cpu = 00:00:28 ; elapsed = 00:00:20 . Memory (MB): peak = 2899.902 ; gain = 99.020 ; free physical = 115 ; free virtual = 279

Phase 7 Route finalize

Router Utilization Summary
  Global Vertical Routing Utilization    = 0.802112 %
  Global Horizontal Routing Utilization  = 0.987999 %
  Routable Net Status*
  *Does not include unroutable nets such as driverless and loadless.
  Run report_route_status for detailed report.
  Number of Failed Nets               = 0
    (Failed Nets is the sum of unrouted and partially routed nets)
  Number of Unrouted Nets             = 0
  Number of Partially Routed Nets     = 0
  Number of Node Overlaps             = 0

Phase 7 Route finalize | Checksum: 1c5f79d86

Time (s): cpu = 00:00:28 ; elapsed = 00:00:20 . Memory (MB): peak = 2899.902 ; gain = 99.020 ; free physical = 115 ; free virtual = 279

Phase 8 Verifying routed nets

 Verification completed successfully
Phase 8 Verifying routed nets | Checksum: 1c5f79d86

Time (s): cpu = 00:00:28 ; elapsed = 00:00:20 . Memory (MB): peak = 2899.902 ; gain = 99.020 ; free physical = 114 ; free virtual = 278

Phase 9 Depositing Routes
Phase 9 Depositing Routes | Checksum: 18c2b6477

Time (s): cpu = 00:00:28 ; elapsed = 00:00:20 . Memory (MB): peak = 2899.902 ; gain = 99.020 ; free physical = 112 ; free virtual = 278

Phase 10 Post Router Timing
INFO: [Route 35-57] Estimated Timing Summary | WNS=0.152  | TNS=0.000  | WHS=0.096  | THS=0.000  |

INFO: [Route 35-327] The final timing numbers are based on the router estimated timing analysis. For a complete and accurate timing signoff, please run report_timing_summary.
Phase 10 Post Router Timing | Checksum: 18c2b6477

Time (s): cpu = 00:00:28 ; elapsed = 00:00:21 . Memory (MB): peak = 2899.902 ; gain = 99.020 ; free physical = 109 ; free virtual = 278
INFO: [Route 35-16] Router Completed Successfully

Time (s): cpu = 00:00:28 ; elapsed = 00:00:21 . Memory (MB): peak = 2899.902 ; gain = 99.020 ; free physical = 128 ; free virtual = 298

Routing Is Done.
INFO: [Common 17-83] Releasing license: Implementation
97 Infos, 0 Warnings, 0 Critical Warnings and 0 Errors encountered.
route_design completed successfully
route_design: Time (s): cpu = 00:00:30 ; elapsed = 00:00:22 . Memory (MB): peak = 2899.902 ; gain = 132.672 ; free physical = 115 ; free virtual = 299
INFO: [Common 17-600] The following parameters have non-default value.
general.maxThreads
INFO: [Timing 38-480] Writing timing data to binary archive.
Writing placer database...
Writing XDEF routing.
Writing XDEF routing logical nets.
Writing XDEF routing special nets.
Write XDEF Complete: Time (s): cpu = 00:00:01 ; elapsed = 00:00:00.87 . Memory (MB): peak = 2910.875 ; gain = 2.969 ; free physical = 108 ; free virtual = 298
INFO: [Common 17-1381] The checkpoint '/media/jeffee/T7/vivado/Final/Final.runs/impl_1/uart_wrapper_routed.dcp' has been generated.
INFO: [runtcl-4] Executing : report_drc -file uart_wrapper_drc_routed.rpt -pb uart_wrapper_drc_routed.pb -rpx uart_wrapper_drc_routed.rpx
Command: report_drc -file uart_wrapper_drc_routed.rpt -pb uart_wrapper_drc_routed.pb -rpx uart_wrapper_drc_routed.rpx
INFO: [IP_Flow 19-1839] IP Catalog is up to date.
INFO: [DRC 23-27] Running DRC with 4 threads
INFO: [Coretcl 2-168] The results of DRC are in file /media/jeffee/T7/vivado/Final/Final.runs/impl_1/uart_wrapper_drc_routed.rpt.
report_drc completed successfully
INFO: [runtcl-4] Executing : report_methodology -file uart_wrapper_methodology_drc_routed.rpt -pb uart_wrapper_methodology_drc_routed.pb -rpx uart_wrapper_methodology_drc_routed.rpx
Command: report_methodology -file uart_wrapper_methodology_drc_routed.rpt -pb uart_wrapper_methodology_drc_routed.pb -rpx uart_wrapper_methodology_drc_routed.rpx
INFO: [Timing 38-35] Done setting XDC timing constraints.
INFO: [DRC 23-133] Running Methodology with 4 threads
INFO: [Coretcl 2-1520] The results of Report Methodology are in file /media/jeffee/T7/vivado/Final/Final.runs/impl_1/uart_wrapper_methodology_drc_routed.rpt.
report_methodology completed successfully
INFO: [runtcl-4] Executing : report_power -file uart_wrapper_power_routed.rpt -pb uart_wrapper_power_summary_routed.pb -rpx uart_wrapper_power_routed.rpx
Command: report_power -file uart_wrapper_power_routed.rpt -pb uart_wrapper_power_summary_routed.pb -rpx uart_wrapper_power_routed.rpx
INFO: [Timing 38-35] Done setting XDC timing constraints.
Running Vector-less Activity Propagation...

Finished Running Vector-less Activity Propagation
110 Infos, 0 Warnings, 0 Critical Warnings and 0 Errors encountered.
report_power completed successfully
INFO: [runtcl-4] Executing : report_route_status -file uart_wrapper_route_status.rpt -pb uart_wrapper_route_status.pb
INFO: [runtcl-4] Executing : report_timing_summary -max_paths 10 -file uart_wrapper_timing_summary_routed.rpt -pb uart_wrapper_timing_summary_routed.pb -rpx uart_wrapper_timing_summary_routed.rpx -warn_on_violation 
INFO: [Timing 38-91] UpdateTimingParams: Speed grade: -1, Delay Type: min_max.
INFO: [Timing 38-191] Multithreading enabled for timing update using a maximum of 4 CPUs
INFO: [runtcl-4] Executing : report_incremental_reuse -file uart_wrapper_incremental_reuse_routed.rpt
INFO: [Vivado_Tcl 4-1062] Incremental flow is disabled. No incremental reuse Info to report.
INFO: [runtcl-4] Executing : report_clock_utilization -file uart_wrapper_clock_utilization_routed.rpt
INFO: [runtcl-4] Executing : report_bus_skew -warn_on_violation -file uart_wrapper_bus_skew_routed.rpt -pb uart_wrapper_bus_skew_routed.pb -rpx uart_wrapper_bus_skew_routed.rpx
INFO: [Timing 38-91] UpdateTimingParams: Speed grade: -1, Delay Type: min_max.
INFO: [Timing 38-191] Multithreading enabled for timing update using a maximum of 4 CPUs
INFO: [Common 17-206] Exiting Vivado at Thu May 11 19:57:54 2023...

*** Running vivado
    with args -log uart_wrapper.vdi -applog -m64 -product Vivado -messageDb vivado.pb -mode batch -source uart_wrapper.tcl -notrace


****** Vivado v2020.1 (64-bit)
  **** SW Build 2902540 on Wed May 27 19:54:35 MDT 2020
  **** IP Build 2902112 on Wed May 27 22:43:36 MDT 2020
    ** Copyright 1986-2020 Xilinx, Inc. All Rights Reserved.

source uart_wrapper.tcl -notrace
Command: open_checkpoint uart_wrapper_routed.dcp

Starting open_checkpoint Task

Time (s): cpu = 00:00:00.07 ; elapsed = 00:00:00.10 . Memory (MB): peak = 2133.719 ; gain = 0.000 ; free physical = 637 ; free virtual = 1534
INFO: [Device 21-403] Loading part xc7z020clg400-1
Netlist sorting complete. Time (s): cpu = 00:00:00.01 ; elapsed = 00:00:00.02 . Memory (MB): peak = 2135.836 ; gain = 0.000 ; free physical = 247 ; free virtual = 1198
INFO: [Netlist 29-17] Analyzing 12 Unisim elements for replacement
INFO: [Netlist 29-28] Unisim Transformation completed in 0 CPU seconds
INFO: [Project 1-479] Netlist was created with Vivado 2020.1
INFO: [Project 1-570] Preparing netlist for logic optimization
INFO: [Timing 38-478] Restoring timing data from binary archive.
INFO: [Timing 38-479] Binary timing data restore complete.
INFO: [Project 1-856] Restoring constraints from binary archive.
INFO: [Constraints 18-5170] The checkpoint was created with non-default parameter values which do not match the current Vivado settings.  Mismatching parameters are:
  general.maxThreads
INFO: [Project 1-853] Binary constraint restore complete.
Reading XDEF placement.
Reading placer database...
Reading XDEF routing.
Read XDEF File: Time (s): cpu = 00:00:00.30 ; elapsed = 00:00:00.38 . Memory (MB): peak = 2452.648 ; gain = 5.938 ; free physical = 111 ; free virtual = 644
Restored from archive | CPU: 0.380000 secs | Memory: 6.155319 MB |
Finished XDEF File Restore: Time (s): cpu = 00:00:00.30 ; elapsed = 00:00:00.38 . Memory (MB): peak = 2452.648 ; gain = 5.938 ; free physical = 111 ; free virtual = 644
Netlist sorting complete. Time (s): cpu = 00:00:00 ; elapsed = 00:00:00 . Memory (MB): peak = 2452.648 ; gain = 0.000 ; free physical = 109 ; free virtual = 644
INFO: [Project 1-111] Unisim Transformation Summary:
No Unisim elements were transformed.

INFO: [Project 1-604] Checkpoint was created with Vivado v2020.1 (64-bit) build 2902540
open_checkpoint: Time (s): cpu = 00:00:13 ; elapsed = 00:00:19 . Memory (MB): peak = 2452.648 ; gain = 318.930 ; free physical = 108 ; free virtual = 644
Command: write_bitstream -force uart_wrapper.bit
Attempting to get a license for feature 'Implementation' and/or device 'xc7z020'
INFO: [Common 17-349] Got license for feature 'Implementation' and/or device 'xc7z020'
Running DRC as a precondition to command write_bitstream
INFO: [IP_Flow 19-234] Refreshing IP repositories
INFO: [IP_Flow 19-1704] No user IP repositories specified
INFO: [IP_Flow 19-2313] Loaded Vivado IP repository '/tools/Xilinx/Vivado/2020.1/data/ip'.
INFO: [DRC 23-27] Running DRC with 4 threads
WARNING: [DRC ZPS7-1] PS7 block required: The PS7 cell must be used in this Zynq design in order to enable correct default configuration.
INFO: [Vivado 12-3199] DRC finished with 0 Errors, 1 Warnings
INFO: [Vivado 12-3200] Please refer to the DRC report (report_drc) for more information.
INFO: [Designutils 20-2272] Running write_bitstream with 4 threads.
Loading data files...
Loading site data...
Loading route data...
Processing options...
Creating bitmap...
Creating bitstream...
Writing bitstream ./uart_wrapper.bit...
INFO: [Vivado 12-1842] Bitgen Completed Successfully.
INFO: [Project 1-120] WebTalk data collection is mandatory when using a WebPACK part without a full Vivado license. To see the specific WebTalk data collected for your design, open the usage_statistics_webtalk.html or usage_statistics_webtalk.xml file in the implementation directory.
INFO: [Common 17-83] Releasing license: Implementation
23 Infos, 1 Warnings, 0 Critical Warnings and 0 Errors encountered.
write_bitstream completed successfully
write_bitstream: Time (s): cpu = 00:00:12 ; elapsed = 00:00:15 . Memory (MB): peak = 2894.102 ; gain = 441.453 ; free physical = 448 ; free virtual = 591
INFO: [Common 17-206] Exiting Vivado at Thu May 11 19:58:49 2023...
