
*** Running vivado
    with args -log uart_wrapper.vds -m64 -product Vivado -mode batch -messageDb vivado.pb -notrace -source uart_wrapper.tcl


****** Vivado v2020.1 (64-bit)
  **** SW Build 2902540 on Wed May 27 19:54:35 MDT 2020
  **** IP Build 2902112 on Wed May 27 22:43:36 MDT 2020
    ** Copyright 1986-2020 Xilinx, Inc. All Rights Reserved.

source uart_wrapper.tcl -notrace
INFO: [IP_Flow 19-234] Refreshing IP repositories
INFO: [IP_Flow 19-1704] No user IP repositories specified
INFO: [IP_Flow 19-2313] Loaded Vivado IP repository '/tools/Xilinx/Vivado/2020.1/data/ip'.
add_files: Time (s): cpu = 00:00:05 ; elapsed = 00:00:05 . Memory (MB): peak = 2146.273 ; gain = 8.008 ; free physical = 607 ; free virtual = 2096
Command: synth_design -top uart_wrapper -part xc7z020clg400-1
Starting synth_design
Attempting to get a license for feature 'Synthesis' and/or device 'xc7z020'
INFO: [Common 17-349] Got license for feature 'Synthesis' and/or device 'xc7z020'
INFO: [Device 21-403] Loading part xc7z020clg400-1
INFO: [Synth 8-7079] Multithreading enabled for synth_design using a maximum of 4 processes.
INFO: [Synth 8-7078] Launching helper process for spawning children vivado processes
INFO: [Synth 8-7075] Helper process launched with PID 31876
---------------------------------------------------------------------------------
Starting RTL Elaboration : Time (s): cpu = 00:00:03 ; elapsed = 00:00:05 . Memory (MB): peak = 2146.371 ; gain = 0.000 ; free physical = 745 ; free virtual = 1518
---------------------------------------------------------------------------------
INFO: [Synth 8-6157] synthesizing module 'uart_wrapper' [/media/jeffee/T7/vivado/lab3/lab3.srcs/sources_1/bd/uart/hdl/uart_wrapper.v:12]
INFO: [Synth 8-6157] synthesizing module 'uart' [/media/jeffee/T7/vivado/lab3/lab3.srcs/sources_1/bd/uart/synth/uart.v:13]
INFO: [Synth 8-6157] synthesizing module 'uart_Debounce_Switch_0_0' [/media/jeffee/T7/vivado/lab3/lab3.runs/synth_1/.Xil/Vivado-31829-ubuntu/realtime/uart_Debounce_Switch_0_0_stub.v:6]
INFO: [Synth 8-6155] done synthesizing module 'uart_Debounce_Switch_0_0' (1#1) [/media/jeffee/T7/vivado/lab3/lab3.runs/synth_1/.Xil/Vivado-31829-ubuntu/realtime/uart_Debounce_Switch_0_0_stub.v:6]
INFO: [Synth 8-6157] synthesizing module 'uart_uart_top_0_0' [/media/jeffee/T7/vivado/lab3/lab3.runs/synth_1/.Xil/Vivado-31829-ubuntu/realtime/uart_uart_top_0_0_stub.v:6]
INFO: [Synth 8-6155] done synthesizing module 'uart_uart_top_0_0' (2#1) [/media/jeffee/T7/vivado/lab3/lab3.runs/synth_1/.Xil/Vivado-31829-ubuntu/realtime/uart_uart_top_0_0_stub.v:6]
INFO: [Synth 8-6155] done synthesizing module 'uart' (3#1) [/media/jeffee/T7/vivado/lab3/lab3.srcs/sources_1/bd/uart/synth/uart.v:13]
INFO: [Synth 8-6155] done synthesizing module 'uart_wrapper' (4#1) [/media/jeffee/T7/vivado/lab3/lab3.srcs/sources_1/bd/uart/hdl/uart_wrapper.v:12]
---------------------------------------------------------------------------------
Finished RTL Elaboration : Time (s): cpu = 00:00:04 ; elapsed = 00:00:06 . Memory (MB): peak = 2146.371 ; gain = 0.000 ; free physical = 665 ; free virtual = 1568
---------------------------------------------------------------------------------
---------------------------------------------------------------------------------
Start Handling Custom Attributes
---------------------------------------------------------------------------------
---------------------------------------------------------------------------------
Finished Handling Custom Attributes : Time (s): cpu = 00:00:05 ; elapsed = 00:00:06 . Memory (MB): peak = 2146.371 ; gain = 0.000 ; free physical = 657 ; free virtual = 1562
---------------------------------------------------------------------------------
---------------------------------------------------------------------------------
Finished RTL Optimization Phase 1 : Time (s): cpu = 00:00:05 ; elapsed = 00:00:06 . Memory (MB): peak = 2146.371 ; gain = 0.000 ; free physical = 657 ; free virtual = 1562
---------------------------------------------------------------------------------
Netlist sorting complete. Time (s): cpu = 00:00:00 ; elapsed = 00:00:00 . Memory (MB): peak = 2146.371 ; gain = 0.000 ; free physical = 647 ; free virtual = 1555
INFO: [Project 1-570] Preparing netlist for logic optimization

Processing XDC Constraints
Initializing timing engine
Parsing XDC File [/media/jeffee/T7/vivado/lab3/lab3.srcs/sources_1/bd/uart/ip/uart_uart_top_0_0/uart_uart_top_0_0/uart_uart_top_0_0_in_context.xdc] for cell 'uart_i/uart_top_0'
Finished Parsing XDC File [/media/jeffee/T7/vivado/lab3/lab3.srcs/sources_1/bd/uart/ip/uart_uart_top_0_0/uart_uart_top_0_0/uart_uart_top_0_0_in_context.xdc] for cell 'uart_i/uart_top_0'
Parsing XDC File [/media/jeffee/T7/vivado/lab3/lab3.srcs/sources_1/bd/uart/ip/uart_Debounce_Switch_0_0/uart_Debounce_Switch_0_0/uart_Debounce_Switch_0_0_in_context.xdc] for cell 'uart_i/Debounce_Switch_0'
Finished Parsing XDC File [/media/jeffee/T7/vivado/lab3/lab3.srcs/sources_1/bd/uart/ip/uart_Debounce_Switch_0_0/uart_Debounce_Switch_0_0/uart_Debounce_Switch_0_0_in_context.xdc] for cell 'uart_i/Debounce_Switch_0'
Parsing XDC File [/media/jeffee/T7/vivado/lab3/lab3.srcs/constrs_1/new/pynq-z2.xdc]
Finished Parsing XDC File [/media/jeffee/T7/vivado/lab3/lab3.srcs/constrs_1/new/pynq-z2.xdc]
INFO: [Project 1-236] Implementation specific constraints were found while reading constraint file [/media/jeffee/T7/vivado/lab3/lab3.srcs/constrs_1/new/pynq-z2.xdc]. These constraints will be ignored for synthesis but will be used in implementation. Impacted constraints are listed in the file [.Xil/uart_wrapper_propImpl.xdc].
Resolution: To avoid this warning, move constraints listed in [.Xil/uart_wrapper_propImpl.xdc] to another XDC file and exclude this new file from synthesis with the used_in_synthesis property (File Properties dialog in GUI) and re-run elaboration/synthesis.
Parsing XDC File [/media/jeffee/T7/vivado/lab3/lab3.runs/synth_1/dont_touch.xdc]
Finished Parsing XDC File [/media/jeffee/T7/vivado/lab3/lab3.runs/synth_1/dont_touch.xdc]
Completed Processing XDC Constraints

Netlist sorting complete. Time (s): cpu = 00:00:00 ; elapsed = 00:00:00 . Memory (MB): peak = 2176.219 ; gain = 0.000 ; free physical = 514 ; free virtual = 1470
INFO: [Project 1-111] Unisim Transformation Summary:
No Unisim elements were transformed.

Constraint Validation Runtime : Time (s): cpu = 00:00:00 ; elapsed = 00:00:00 . Memory (MB): peak = 2176.219 ; gain = 0.000 ; free physical = 513 ; free virtual = 1469
---------------------------------------------------------------------------------
Finished Constraint Validation : Time (s): cpu = 00:00:10 ; elapsed = 00:00:13 . Memory (MB): peak = 2176.219 ; gain = 29.848 ; free physical = 572 ; free virtual = 1536
---------------------------------------------------------------------------------
---------------------------------------------------------------------------------
Start Loading Part and Timing Information
---------------------------------------------------------------------------------
Loading part: xc7z020clg400-1
---------------------------------------------------------------------------------
Finished Loading Part and Timing Information : Time (s): cpu = 00:00:10 ; elapsed = 00:00:13 . Memory (MB): peak = 2176.219 ; gain = 29.848 ; free physical = 571 ; free virtual = 1536
---------------------------------------------------------------------------------
---------------------------------------------------------------------------------
Start Applying 'set_property' XDC Constraints
---------------------------------------------------------------------------------
Applied set_property DONT_TOUCH = true for uart_i. (constraint file  auto generated constraint, line ).
Applied set_property DONT_TOUCH = true for uart_i/uart_top_0. (constraint file  auto generated constraint, line ).
Applied set_property DONT_TOUCH = true for uart_i/Debounce_Switch_0. (constraint file  auto generated constraint, line ).
---------------------------------------------------------------------------------
Finished applying 'set_property' XDC Constraints : Time (s): cpu = 00:00:10 ; elapsed = 00:00:13 . Memory (MB): peak = 2176.219 ; gain = 29.848 ; free physical = 572 ; free virtual = 1536
---------------------------------------------------------------------------------
---------------------------------------------------------------------------------
Finished RTL Optimization Phase 2 : Time (s): cpu = 00:00:10 ; elapsed = 00:00:13 . Memory (MB): peak = 2176.219 ; gain = 29.848 ; free physical = 568 ; free virtual = 1535
---------------------------------------------------------------------------------
---------------------------------------------------------------------------------
Start RTL Component Statistics 
---------------------------------------------------------------------------------
Detailed RTL Component Info : 
---------------------------------------------------------------------------------
Finished RTL Component Statistics 
---------------------------------------------------------------------------------
---------------------------------------------------------------------------------
Start Part Resource Summary
---------------------------------------------------------------------------------
Part Resources:
DSPs: 220 (col length:60)
BRAMs: 280 (col length: RAMB18 60 RAMB36 30)
---------------------------------------------------------------------------------
Finished Part Resource Summary
---------------------------------------------------------------------------------
---------------------------------------------------------------------------------
Start Cross Boundary and Area Optimization
---------------------------------------------------------------------------------
---------------------------------------------------------------------------------
Finished Cross Boundary and Area Optimization : Time (s): cpu = 00:00:11 ; elapsed = 00:00:14 . Memory (MB): peak = 2176.219 ; gain = 29.848 ; free physical = 554 ; free virtual = 1527
---------------------------------------------------------------------------------
---------------------------------------------------------------------------------
Start Applying XDC Timing Constraints
---------------------------------------------------------------------------------
---------------------------------------------------------------------------------
Finished Applying XDC Timing Constraints : Time (s): cpu = 00:00:16 ; elapsed = 00:00:20 . Memory (MB): peak = 2203.219 ; gain = 56.848 ; free physical = 423 ; free virtual = 1404
---------------------------------------------------------------------------------
---------------------------------------------------------------------------------
Start Timing Optimization
---------------------------------------------------------------------------------
---------------------------------------------------------------------------------
Finished Timing Optimization : Time (s): cpu = 00:00:16 ; elapsed = 00:00:20 . Memory (MB): peak = 2203.219 ; gain = 56.848 ; free physical = 423 ; free virtual = 1404
---------------------------------------------------------------------------------
---------------------------------------------------------------------------------
Start Technology Mapping
---------------------------------------------------------------------------------
---------------------------------------------------------------------------------
Finished Technology Mapping : Time (s): cpu = 00:00:16 ; elapsed = 00:00:20 . Memory (MB): peak = 2222.250 ; gain = 75.879 ; free physical = 423 ; free virtual = 1403
---------------------------------------------------------------------------------
---------------------------------------------------------------------------------
Start IO Insertion
---------------------------------------------------------------------------------
---------------------------------------------------------------------------------
Start Flattening Before IO Insertion
---------------------------------------------------------------------------------
---------------------------------------------------------------------------------
Finished Flattening Before IO Insertion
---------------------------------------------------------------------------------
---------------------------------------------------------------------------------
Start Final Netlist Cleanup
---------------------------------------------------------------------------------
---------------------------------------------------------------------------------
Finished Final Netlist Cleanup
---------------------------------------------------------------------------------
---------------------------------------------------------------------------------
Finished IO Insertion : Time (s): cpu = 00:00:18 ; elapsed = 00:00:23 . Memory (MB): peak = 2228.188 ; gain = 81.816 ; free physical = 421 ; free virtual = 1404
---------------------------------------------------------------------------------
---------------------------------------------------------------------------------
Start Renaming Generated Instances
---------------------------------------------------------------------------------
---------------------------------------------------------------------------------
Finished Renaming Generated Instances : Time (s): cpu = 00:00:18 ; elapsed = 00:00:23 . Memory (MB): peak = 2228.188 ; gain = 81.816 ; free physical = 421 ; free virtual = 1404
---------------------------------------------------------------------------------
---------------------------------------------------------------------------------
Start Rebuilding User Hierarchy
---------------------------------------------------------------------------------
---------------------------------------------------------------------------------
Finished Rebuilding User Hierarchy : Time (s): cpu = 00:00:18 ; elapsed = 00:00:23 . Memory (MB): peak = 2228.188 ; gain = 81.816 ; free physical = 421 ; free virtual = 1404
---------------------------------------------------------------------------------
---------------------------------------------------------------------------------
Start Renaming Generated Ports
---------------------------------------------------------------------------------
---------------------------------------------------------------------------------
Finished Renaming Generated Ports : Time (s): cpu = 00:00:18 ; elapsed = 00:00:23 . Memory (MB): peak = 2228.188 ; gain = 81.816 ; free physical = 421 ; free virtual = 1404
---------------------------------------------------------------------------------
---------------------------------------------------------------------------------
Start Handling Custom Attributes
---------------------------------------------------------------------------------
---------------------------------------------------------------------------------
Finished Handling Custom Attributes : Time (s): cpu = 00:00:18 ; elapsed = 00:00:23 . Memory (MB): peak = 2228.188 ; gain = 81.816 ; free physical = 421 ; free virtual = 1404
---------------------------------------------------------------------------------
---------------------------------------------------------------------------------
Start Renaming Generated Nets
---------------------------------------------------------------------------------
---------------------------------------------------------------------------------
Finished Renaming Generated Nets : Time (s): cpu = 00:00:18 ; elapsed = 00:00:23 . Memory (MB): peak = 2228.188 ; gain = 81.816 ; free physical = 421 ; free virtual = 1404
---------------------------------------------------------------------------------
---------------------------------------------------------------------------------
Start Writing Synthesis Report
---------------------------------------------------------------------------------

Report BlackBoxes: 
+------+-------------------------+----------+
|      |BlackBox name            |Instances |
+------+-------------------------+----------+
|1     |uart_Debounce_Switch_0_0 |         1|
|2     |uart_uart_top_0_0        |         1|
+------+-------------------------+----------+

Report Cell Usage: 
+------+-----------------------+------+
|      |Cell                   |Count |
+------+-----------------------+------+
|1     |uart_Debounce_Switch_0 |     1|
|2     |uart_uart_top_0        |     1|
|3     |IBUF                   |     3|
|4     |OBUF                   |     1|
+------+-----------------------+------+
---------------------------------------------------------------------------------
Finished Writing Synthesis Report : Time (s): cpu = 00:00:18 ; elapsed = 00:00:23 . Memory (MB): peak = 2228.188 ; gain = 81.816 ; free physical = 421 ; free virtual = 1404
---------------------------------------------------------------------------------
Synthesis finished with 0 errors, 0 critical warnings and 0 warnings.
Synthesis Optimization Runtime : Time (s): cpu = 00:00:17 ; elapsed = 00:00:20 . Memory (MB): peak = 2228.188 ; gain = 51.969 ; free physical = 478 ; free virtual = 1461
Synthesis Optimization Complete : Time (s): cpu = 00:00:18 ; elapsed = 00:00:23 . Memory (MB): peak = 2228.195 ; gain = 81.816 ; free physical = 479 ; free virtual = 1461
INFO: [Project 1-571] Translating synthesized netlist
Netlist sorting complete. Time (s): cpu = 00:00:00 ; elapsed = 00:00:00 . Memory (MB): peak = 2228.195 ; gain = 0.000 ; free physical = 535 ; free virtual = 1532
INFO: [Project 1-570] Preparing netlist for logic optimization
INFO: [Opt 31-138] Pushed 0 inverter(s) to 0 load pin(s).
Netlist sorting complete. Time (s): cpu = 00:00:00 ; elapsed = 00:00:00 . Memory (MB): peak = 2234.125 ; gain = 0.000 ; free physical = 478 ; free virtual = 1476
INFO: [Project 1-111] Unisim Transformation Summary:
No Unisim elements were transformed.

INFO: [Common 17-83] Releasing license: Synthesis
24 Infos, 0 Warnings, 0 Critical Warnings and 0 Errors encountered.
synth_design completed successfully
synth_design: Time (s): cpu = 00:00:27 ; elapsed = 00:00:29 . Memory (MB): peak = 2234.125 ; gain = 87.852 ; free physical = 611 ; free virtual = 1609
INFO: [Common 17-1381] The checkpoint '/media/jeffee/T7/vivado/lab3/lab3.runs/synth_1/uart_wrapper.dcp' has been generated.
INFO: [runtcl-4] Executing : report_utilization -file uart_wrapper_utilization_synth.rpt -pb uart_wrapper_utilization_synth.pb
INFO: [Common 17-206] Exiting Vivado at Mon Apr  3 10:24:44 2023...
