
*** Running vivado
    with args -log uart_top.vds -m64 -product Vivado -mode batch -messageDb vivado.pb -notrace -source uart_top.tcl


****** Vivado v2020.1 (64-bit)
  **** SW Build 2902540 on Wed May 27 19:54:35 MDT 2020
  **** IP Build 2902112 on Wed May 27 22:43:36 MDT 2020
    ** Copyright 1986-2020 Xilinx, Inc. All Rights Reserved.

source uart_top.tcl -notrace
Command: synth_design -top uart_top -part xc7z020clg400-1
Starting synth_design
Attempting to get a license for feature 'Synthesis' and/or device 'xc7z020'
INFO: [Common 17-349] Got license for feature 'Synthesis' and/or device 'xc7z020'
INFO: [Device 21-403] Loading part xc7z020clg400-1
INFO: [Synth 8-7079] Multithreading enabled for synth_design using a maximum of 4 processes.
INFO: [Synth 8-7078] Launching helper process for spawning children vivado processes
INFO: [Synth 8-7075] Helper process launched with PID 41349
---------------------------------------------------------------------------------
Starting RTL Elaboration : Time (s): cpu = 00:00:04 ; elapsed = 00:00:05 . Memory (MB): peak = 2135.801 ; gain = 0.000 ; free physical = 109 ; free virtual = 556
---------------------------------------------------------------------------------
INFO: [Synth 8-6157] synthesizing module 'uart_top' [/media/jeffee/T7/vivado/UART/UART.srcs/sources_1/new/uart_top.v:3]
	Parameter NBYTES bound to: 12 - type: integer 
	Parameter CLK_FREQ bound to: 125000000 - type: integer 
	Parameter BAUD_RATE bound to: 115200 - type: integer 
	Parameter s_IDLE bound to: 3'b000 
	Parameter s_WAIT_RX bound to: 3'b001 
	Parameter s_TX bound to: 3'b010 
	Parameter s_WAIT_TX bound to: 3'b011 
	Parameter s_DONE bound to: 3'b100 
	Parameter s_RX bound to: 3'b101 
INFO: [Synth 8-6157] synthesizing module 'uart_tx' [/media/jeffee/T7/vivado/UART/UART.srcs/sources_1/new/uart_tx.v:3]
	Parameter CLK_FREQ bound to: 125000000 - type: integer 
	Parameter BAUD_RATE bound to: 115200 - type: integer 
	Parameter CLKS_PER_BIT bound to: 1085 - type: integer 
	Parameter sIDLE bound to: 3'b000 
	Parameter sTX_START bound to: 3'b001 
	Parameter sTX_DATA bound to: 3'b010 
	Parameter sTX_STOP bound to: 3'b011 
	Parameter sDONE bound to: 3'b100 
INFO: [Synth 8-6155] done synthesizing module 'uart_tx' (1#1) [/media/jeffee/T7/vivado/UART/UART.srcs/sources_1/new/uart_tx.v:3]
INFO: [Synth 8-6157] synthesizing module 'uart_rx' [/media/jeffee/T7/vivado/UART/UART.srcs/sources_1/new/uart_rx.v:3]
	Parameter CLK_FREQ bound to: 125000000 - type: integer 
	Parameter BAUD_RATE bound to: 115200 - type: integer 
	Parameter CLKS_PER_BIT bound to: 1085 - type: integer 
	Parameter sIDLE bound to: 3'b000 
	Parameter sRX_START bound to: 3'b001 
	Parameter sRX_DATA bound to: 3'b010 
	Parameter sRX_STOP bound to: 3'b011 
	Parameter sDONE bound to: 3'b100 
INFO: [Synth 8-6155] done synthesizing module 'uart_rx' (2#1) [/media/jeffee/T7/vivado/UART/UART.srcs/sources_1/new/uart_rx.v:3]
INFO: [Synth 8-6155] done synthesizing module 'uart_top' (3#1) [/media/jeffee/T7/vivado/UART/UART.srcs/sources_1/new/uart_top.v:3]
---------------------------------------------------------------------------------
Finished RTL Elaboration : Time (s): cpu = 00:00:05 ; elapsed = 00:00:06 . Memory (MB): peak = 2135.801 ; gain = 0.000 ; free physical = 676 ; free virtual = 1233
---------------------------------------------------------------------------------
---------------------------------------------------------------------------------
Start Handling Custom Attributes
---------------------------------------------------------------------------------
---------------------------------------------------------------------------------
Finished Handling Custom Attributes : Time (s): cpu = 00:00:05 ; elapsed = 00:00:07 . Memory (MB): peak = 2135.801 ; gain = 0.000 ; free physical = 670 ; free virtual = 1228
---------------------------------------------------------------------------------
---------------------------------------------------------------------------------
Finished RTL Optimization Phase 1 : Time (s): cpu = 00:00:05 ; elapsed = 00:00:07 . Memory (MB): peak = 2135.801 ; gain = 0.000 ; free physical = 670 ; free virtual = 1228
---------------------------------------------------------------------------------
Netlist sorting complete. Time (s): cpu = 00:00:00 ; elapsed = 00:00:00.01 . Memory (MB): peak = 2135.801 ; gain = 0.000 ; free physical = 656 ; free virtual = 1220
INFO: [Project 1-570] Preparing netlist for logic optimization

Processing XDC Constraints
Initializing timing engine
Parsing XDC File [/media/jeffee/T7/vivado/UART/UART.srcs/constrs_1/new/pynq-z2.xdc]
Finished Parsing XDC File [/media/jeffee/T7/vivado/UART/UART.srcs/constrs_1/new/pynq-z2.xdc]
INFO: [Project 1-236] Implementation specific constraints were found while reading constraint file [/media/jeffee/T7/vivado/UART/UART.srcs/constrs_1/new/pynq-z2.xdc]. These constraints will be ignored for synthesis but will be used in implementation. Impacted constraints are listed in the file [.Xil/uart_top_propImpl.xdc].
Resolution: To avoid this warning, move constraints listed in [.Xil/uart_top_propImpl.xdc] to another XDC file and exclude this new file from synthesis with the used_in_synthesis property (File Properties dialog in GUI) and re-run elaboration/synthesis.
Completed Processing XDC Constraints

Netlist sorting complete. Time (s): cpu = 00:00:00 ; elapsed = 00:00:00 . Memory (MB): peak = 2242.465 ; gain = 0.000 ; free physical = 519 ; free virtual = 1139
INFO: [Project 1-111] Unisim Transformation Summary:
No Unisim elements were transformed.

Constraint Validation Runtime : Time (s): cpu = 00:00:00 ; elapsed = 00:00:00.01 . Memory (MB): peak = 2242.465 ; gain = 0.000 ; free physical = 519 ; free virtual = 1138
---------------------------------------------------------------------------------
Finished Constraint Validation : Time (s): cpu = 00:00:10 ; elapsed = 00:00:14 . Memory (MB): peak = 2242.465 ; gain = 106.664 ; free physical = 571 ; free virtual = 1204
---------------------------------------------------------------------------------
---------------------------------------------------------------------------------
Start Loading Part and Timing Information
---------------------------------------------------------------------------------
Loading part: xc7z020clg400-1
---------------------------------------------------------------------------------
Finished Loading Part and Timing Information : Time (s): cpu = 00:00:10 ; elapsed = 00:00:14 . Memory (MB): peak = 2242.465 ; gain = 106.664 ; free physical = 574 ; free virtual = 1206
---------------------------------------------------------------------------------
---------------------------------------------------------------------------------
Start Applying 'set_property' XDC Constraints
---------------------------------------------------------------------------------
---------------------------------------------------------------------------------
Finished applying 'set_property' XDC Constraints : Time (s): cpu = 00:00:10 ; elapsed = 00:00:14 . Memory (MB): peak = 2242.465 ; gain = 106.664 ; free physical = 574 ; free virtual = 1206
---------------------------------------------------------------------------------
INFO: [Synth 8-802] inferred FSM for state register 'rFSM_Current_reg' in module 'uart_tx'
INFO: [Synth 8-802] inferred FSM for state register 'rFSM_Current_reg' in module 'uart_rx'
INFO: [Synth 8-802] inferred FSM for state register 'rFSM_reg' in module 'uart_top'
---------------------------------------------------------------------------------------------------
                   State |                     New Encoding |                Previous Encoding 
---------------------------------------------------------------------------------------------------
                   sIDLE |                            00001 |                              000
               sTX_START |                            00010 |                              001
                sTX_DATA |                            00100 |                              010
                sTX_STOP |                            01000 |                              011
                   sDONE |                            10000 |                              100
---------------------------------------------------------------------------------------------------
INFO: [Synth 8-3354] encoded FSM with state register 'rFSM_Current_reg' using encoding 'one-hot' in module 'uart_tx'
---------------------------------------------------------------------------------------------------
                   State |                     New Encoding |                Previous Encoding 
---------------------------------------------------------------------------------------------------
                   sIDLE |                            00001 |                              000
               sRX_START |                            00010 |                              001
                sRX_DATA |                            00100 |                              010
                sRX_STOP |                            01000 |                              011
                   sDONE |                            10000 |                              100
---------------------------------------------------------------------------------------------------
INFO: [Synth 8-3354] encoded FSM with state register 'rFSM_Current_reg' using encoding 'one-hot' in module 'uart_rx'
---------------------------------------------------------------------------------------------------
                   State |                     New Encoding |                Previous Encoding 
---------------------------------------------------------------------------------------------------
                  s_IDLE |                             0001 |                              000
               s_WAIT_RX |                             0010 |                              001
                    s_TX |                             0100 |                              010
               s_WAIT_TX |                             1000 |                              011
---------------------------------------------------------------------------------------------------
INFO: [Synth 8-3354] encoded FSM with state register 'rFSM_reg' using encoding 'one-hot' in module 'uart_top'
---------------------------------------------------------------------------------
Finished RTL Optimization Phase 2 : Time (s): cpu = 00:00:11 ; elapsed = 00:00:15 . Memory (MB): peak = 2242.465 ; gain = 106.664 ; free physical = 561 ; free virtual = 1197
---------------------------------------------------------------------------------
---------------------------------------------------------------------------------
Start RTL Component Statistics 
---------------------------------------------------------------------------------
Detailed RTL Component Info : 
+---Adders : 
	   2 Input   12 Bit       Adders := 1     
	   2 Input   11 Bit       Adders := 1     
	   2 Input    5 Bit       Adders := 2     
	   2 Input    3 Bit       Adders := 2     
+---Registers : 
	               96 Bit    Registers := 1     
	               12 Bit    Registers := 2     
	                8 Bit    Registers := 3     
	                5 Bit    Registers := 2     
	                3 Bit    Registers := 2     
	                1 Bit    Registers := 3     
+---Muxes : 
	   4 Input   96 Bit        Muxes := 1     
	   5 Input   12 Bit        Muxes := 2     
	   2 Input   12 Bit        Muxes := 1     
	   5 Input    8 Bit        Muxes := 2     
	   2 Input    8 Bit        Muxes := 2     
	   5 Input    5 Bit        Muxes := 2     
	   2 Input    5 Bit        Muxes := 12    
	   4 Input    4 Bit        Muxes := 1     
	   2 Input    4 Bit        Muxes := 4     
	   2 Input    3 Bit        Muxes := 2     
	   5 Input    3 Bit        Muxes := 2     
	   5 Input    1 Bit        Muxes := 4     
	   3 Input    1 Bit        Muxes := 1     
	   4 Input    1 Bit        Muxes := 4     
---------------------------------------------------------------------------------
Finished RTL Component Statistics 
---------------------------------------------------------------------------------
---------------------------------------------------------------------------------
Start Part Resource Summary
---------------------------------------------------------------------------------
Part Resources:
DSPs: 220 (col length:60)
BRAMs: 280 (col length: RAMB18 60 RAMB36 30)
---------------------------------------------------------------------------------
Finished Part Resource Summary
---------------------------------------------------------------------------------
---------------------------------------------------------------------------------
Start Cross Boundary and Area Optimization
---------------------------------------------------------------------------------
---------------------------------------------------------------------------------
Finished Cross Boundary and Area Optimization : Time (s): cpu = 00:00:12 ; elapsed = 00:00:16 . Memory (MB): peak = 2242.465 ; gain = 106.664 ; free physical = 543 ; free virtual = 1186
---------------------------------------------------------------------------------
---------------------------------------------------------------------------------
Start Applying XDC Timing Constraints
---------------------------------------------------------------------------------
---------------------------------------------------------------------------------
Finished Applying XDC Timing Constraints : Time (s): cpu = 00:00:16 ; elapsed = 00:00:21 . Memory (MB): peak = 2242.465 ; gain = 106.664 ; free physical = 410 ; free virtual = 1063
---------------------------------------------------------------------------------
---------------------------------------------------------------------------------
Start Timing Optimization
---------------------------------------------------------------------------------
---------------------------------------------------------------------------------
Finished Timing Optimization : Time (s): cpu = 00:00:17 ; elapsed = 00:00:21 . Memory (MB): peak = 2242.465 ; gain = 106.664 ; free physical = 406 ; free virtual = 1059
---------------------------------------------------------------------------------
---------------------------------------------------------------------------------
Start Technology Mapping
---------------------------------------------------------------------------------
---------------------------------------------------------------------------------
Finished Technology Mapping : Time (s): cpu = 00:00:17 ; elapsed = 00:00:22 . Memory (MB): peak = 2242.465 ; gain = 106.664 ; free physical = 405 ; free virtual = 1059
---------------------------------------------------------------------------------
---------------------------------------------------------------------------------
Start IO Insertion
---------------------------------------------------------------------------------
---------------------------------------------------------------------------------
Start Flattening Before IO Insertion
---------------------------------------------------------------------------------
---------------------------------------------------------------------------------
Finished Flattening Before IO Insertion
---------------------------------------------------------------------------------
---------------------------------------------------------------------------------
Start Final Netlist Cleanup
---------------------------------------------------------------------------------
---------------------------------------------------------------------------------
Finished Final Netlist Cleanup
---------------------------------------------------------------------------------
---------------------------------------------------------------------------------
Finished IO Insertion : Time (s): cpu = 00:00:19 ; elapsed = 00:00:24 . Memory (MB): peak = 2242.465 ; gain = 106.664 ; free physical = 368 ; free virtual = 1058
---------------------------------------------------------------------------------
---------------------------------------------------------------------------------
Start Renaming Generated Instances
---------------------------------------------------------------------------------
---------------------------------------------------------------------------------
Finished Renaming Generated Instances : Time (s): cpu = 00:00:19 ; elapsed = 00:00:24 . Memory (MB): peak = 2242.465 ; gain = 106.664 ; free physical = 368 ; free virtual = 1058
---------------------------------------------------------------------------------
---------------------------------------------------------------------------------
Start Rebuilding User Hierarchy
---------------------------------------------------------------------------------
---------------------------------------------------------------------------------
Finished Rebuilding User Hierarchy : Time (s): cpu = 00:00:19 ; elapsed = 00:00:24 . Memory (MB): peak = 2242.465 ; gain = 106.664 ; free physical = 368 ; free virtual = 1058
---------------------------------------------------------------------------------
---------------------------------------------------------------------------------
Start Renaming Generated Ports
---------------------------------------------------------------------------------
---------------------------------------------------------------------------------
Finished Renaming Generated Ports : Time (s): cpu = 00:00:19 ; elapsed = 00:00:24 . Memory (MB): peak = 2242.465 ; gain = 106.664 ; free physical = 368 ; free virtual = 1058
---------------------------------------------------------------------------------
---------------------------------------------------------------------------------
Start Handling Custom Attributes
---------------------------------------------------------------------------------
---------------------------------------------------------------------------------
Finished Handling Custom Attributes : Time (s): cpu = 00:00:19 ; elapsed = 00:00:24 . Memory (MB): peak = 2242.465 ; gain = 106.664 ; free physical = 368 ; free virtual = 1058
---------------------------------------------------------------------------------
---------------------------------------------------------------------------------
Start Renaming Generated Nets
---------------------------------------------------------------------------------
---------------------------------------------------------------------------------
Finished Renaming Generated Nets : Time (s): cpu = 00:00:19 ; elapsed = 00:00:24 . Memory (MB): peak = 2242.465 ; gain = 106.664 ; free physical = 368 ; free virtual = 1058
---------------------------------------------------------------------------------
---------------------------------------------------------------------------------
Start Writing Synthesis Report
---------------------------------------------------------------------------------

Report BlackBoxes: 
+-+--------------+----------+
| |BlackBox name |Instances |
+-+--------------+----------+
+-+--------------+----------+

Report Cell Usage: 
+------+-----+------+
|      |Cell |Count |
+------+-----+------+
|1     |OBUF |     1|
+------+-----+------+
---------------------------------------------------------------------------------
Finished Writing Synthesis Report : Time (s): cpu = 00:00:19 ; elapsed = 00:00:24 . Memory (MB): peak = 2242.465 ; gain = 106.664 ; free physical = 368 ; free virtual = 1058
---------------------------------------------------------------------------------
Synthesis finished with 0 errors, 0 critical warnings and 0 warnings.
Synthesis Optimization Runtime : Time (s): cpu = 00:00:18 ; elapsed = 00:00:22 . Memory (MB): peak = 2242.465 ; gain = 0.000 ; free physical = 422 ; free virtual = 1112
Synthesis Optimization Complete : Time (s): cpu = 00:00:19 ; elapsed = 00:00:24 . Memory (MB): peak = 2242.473 ; gain = 106.664 ; free physical = 422 ; free virtual = 1112
INFO: [Project 1-571] Translating synthesized netlist
Netlist sorting complete. Time (s): cpu = 00:00:00 ; elapsed = 00:00:00 . Memory (MB): peak = 2242.473 ; gain = 0.000 ; free physical = 462 ; free virtual = 1184
INFO: [Project 1-570] Preparing netlist for logic optimization
INFO: [Opt 31-138] Pushed 0 inverter(s) to 0 load pin(s).
Netlist sorting complete. Time (s): cpu = 00:00:00 ; elapsed = 00:00:00 . Memory (MB): peak = 2245.434 ; gain = 0.000 ; free physical = 402 ; free virtual = 1125
INFO: [Project 1-111] Unisim Transformation Summary:
No Unisim elements were transformed.

INFO: [Common 17-83] Releasing license: Synthesis
25 Infos, 0 Warnings, 0 Critical Warnings and 0 Errors encountered.
synth_design completed successfully
synth_design: Time (s): cpu = 00:00:29 ; elapsed = 00:00:32 . Memory (MB): peak = 2245.434 ; gain = 109.734 ; free physical = 541 ; free virtual = 1265
INFO: [Common 17-1381] The checkpoint '/media/jeffee/T7/vivado/UART/UART.runs/synth_1/uart_top.dcp' has been generated.
INFO: [runtcl-4] Executing : report_utilization -file uart_top_utilization_synth.rpt -pb uart_top_utilization_synth.pb
INFO: [Common 17-206] Exiting Vivado at Fri Mar 17 14:14:29 2023...
