
*** Running vivado
    with args -log mp_adder.vds -m64 -product Vivado -mode batch -messageDb vivado.pb -notrace -source mp_adder.tcl


****** Vivado v2020.1 (64-bit)
  **** SW Build 2902540 on Wed May 27 19:54:35 MDT 2020
  **** IP Build 2902112 on Wed May 27 22:43:36 MDT 2020
    ** Copyright 1986-2020 Xilinx, Inc. All Rights Reserved.

source mp_adder.tcl -notrace
Command: synth_design -top mp_adder -part xc7z020clg400-1
Starting synth_design
Attempting to get a license for feature 'Synthesis' and/or device 'xc7z020'
INFO: [Common 17-349] Got license for feature 'Synthesis' and/or device 'xc7z020'
INFO: [Device 21-403] Loading part xc7z020clg400-1
INFO: [Synth 8-7079] Multithreading enabled for synth_design using a maximum of 4 processes.
INFO: [Synth 8-7078] Launching helper process for spawning children vivado processes
INFO: [Synth 8-7075] Helper process launched with PID 80859
---------------------------------------------------------------------------------
Starting RTL Elaboration : Time (s): cpu = 00:00:03 ; elapsed = 00:00:04 . Memory (MB): peak = 2164.273 ; gain = 0.000 ; free physical = 125 ; free virtual = 1115
---------------------------------------------------------------------------------
INFO: [Synth 8-6157] synthesizing module 'mp_adder' [/media/jeffee/T7/vivado/Final/Final.srcs/sources_1/new/mp_adder.v:3]
	Parameter OPERAND_WIDTH bound to: 512 - type: integer 
	Parameter ADDER_WIDTH bound to: 128 - type: integer 
	Parameter N_ITERATIONS bound to: 4 - type: integer 
	Parameter s_IDLE bound to: 3'b000 
	Parameter s_STORE_OPS bound to: 3'b001 
	Parameter s_ADD_FIRST bound to: 3'b010 
	Parameter s_ADD_WORDS bound to: 3'b011 
	Parameter s_DONE bound to: 3'b100 
INFO: [Synth 8-6157] synthesizing module 'CSA_MUX' [/media/jeffee/T7/vivado/Final/Final.srcs/sources_1/new/CSA_MUX.v:23]
	Parameter N bound to: 128 - type: integer 
	Parameter M bound to: 16 - type: integer 
	Parameter m bound to: 8 - type: integer 
INFO: [Synth 8-6157] synthesizing module 'CLA_16b_EXP' [/media/jeffee/T7/vivado/Final/Final.srcs/sources_1/new/CLA_16b_EXP.v:23]
	Parameter M bound to: 16 - type: integer 
INFO: [Synth 8-6157] synthesizing module 'partial_full_adder' [/media/jeffee/T7/vivado/Final/Final.srcs/sources_1/new/partial_full_adder.v:24]
INFO: [Synth 8-6155] done synthesizing module 'partial_full_adder' (1#1) [/media/jeffee/T7/vivado/Final/Final.srcs/sources_1/new/partial_full_adder.v:24]
INFO: [Synth 8-6155] done synthesizing module 'CLA_16b_EXP' (2#1) [/media/jeffee/T7/vivado/Final/Final.srcs/sources_1/new/CLA_16b_EXP.v:23]
INFO: [Synth 8-6155] done synthesizing module 'CSA_MUX' (3#1) [/media/jeffee/T7/vivado/Final/Final.srcs/sources_1/new/CSA_MUX.v:23]
INFO: [Synth 8-6155] done synthesizing module 'mp_adder' (4#1) [/media/jeffee/T7/vivado/Final/Final.srcs/sources_1/new/mp_adder.v:3]
---------------------------------------------------------------------------------
Finished RTL Elaboration : Time (s): cpu = 00:00:04 ; elapsed = 00:00:06 . Memory (MB): peak = 2164.273 ; gain = 0.000 ; free physical = 754 ; free virtual = 1765
---------------------------------------------------------------------------------
---------------------------------------------------------------------------------
Start Handling Custom Attributes
---------------------------------------------------------------------------------
---------------------------------------------------------------------------------
Finished Handling Custom Attributes : Time (s): cpu = 00:00:05 ; elapsed = 00:00:07 . Memory (MB): peak = 2164.273 ; gain = 0.000 ; free physical = 765 ; free virtual = 1783
---------------------------------------------------------------------------------
---------------------------------------------------------------------------------
Finished RTL Optimization Phase 1 : Time (s): cpu = 00:00:05 ; elapsed = 00:00:07 . Memory (MB): peak = 2164.273 ; gain = 0.000 ; free physical = 765 ; free virtual = 1783
---------------------------------------------------------------------------------
Netlist sorting complete. Time (s): cpu = 00:00:00.03 ; elapsed = 00:00:00.03 . Memory (MB): peak = 2164.273 ; gain = 0.000 ; free physical = 756 ; free virtual = 1775
INFO: [Project 1-570] Preparing netlist for logic optimization

Processing XDC Constraints
Initializing timing engine
Parsing XDC File [/media/jeffee/T7/vivado/Final/Final.srcs/constrs_1/new/pynq-z2.xdc]
WARNING: [Vivado 12-584] No ports matched 'iRx'. [/media/jeffee/T7/vivado/Final/Final.srcs/constrs_1/new/pynq-z2.xdc:152]
CRITICAL WARNING: [Common 17-55] 'set_property' expects at least one object. [/media/jeffee/T7/vivado/Final/Final.srcs/constrs_1/new/pynq-z2.xdc:152]
Resolution: If [get_<value>] was used to populate the object, check to make sure this command returns at least one valid object.
WARNING: [Vivado 12-584] No ports matched 'oTx'. [/media/jeffee/T7/vivado/Final/Final.srcs/constrs_1/new/pynq-z2.xdc:158]
CRITICAL WARNING: [Common 17-55] 'set_property' expects at least one object. [/media/jeffee/T7/vivado/Final/Final.srcs/constrs_1/new/pynq-z2.xdc:158]
Resolution: If [get_<value>] was used to populate the object, check to make sure this command returns at least one valid object.
Finished Parsing XDC File [/media/jeffee/T7/vivado/Final/Final.srcs/constrs_1/new/pynq-z2.xdc]
INFO: [Project 1-236] Implementation specific constraints were found while reading constraint file [/media/jeffee/T7/vivado/Final/Final.srcs/constrs_1/new/pynq-z2.xdc]. These constraints will be ignored for synthesis but will be used in implementation. Impacted constraints are listed in the file [.Xil/mp_adder_propImpl.xdc].
Resolution: To avoid this warning, move constraints listed in [.Xil/mp_adder_propImpl.xdc] to another XDC file and exclude this new file from synthesis with the used_in_synthesis property (File Properties dialog in GUI) and re-run elaboration/synthesis.
Completed Processing XDC Constraints

Netlist sorting complete. Time (s): cpu = 00:00:00 ; elapsed = 00:00:00 . Memory (MB): peak = 2258.906 ; gain = 0.000 ; free physical = 642 ; free virtual = 1679
INFO: [Project 1-111] Unisim Transformation Summary:
No Unisim elements were transformed.

Constraint Validation Runtime : Time (s): cpu = 00:00:00.02 ; elapsed = 00:00:00.02 . Memory (MB): peak = 2258.906 ; gain = 0.000 ; free physical = 642 ; free virtual = 1679
---------------------------------------------------------------------------------
Finished Constraint Validation : Time (s): cpu = 00:00:10 ; elapsed = 00:00:14 . Memory (MB): peak = 2258.906 ; gain = 94.633 ; free physical = 718 ; free virtual = 1760
---------------------------------------------------------------------------------
---------------------------------------------------------------------------------
Start Loading Part and Timing Information
---------------------------------------------------------------------------------
Loading part: xc7z020clg400-1
---------------------------------------------------------------------------------
Finished Loading Part and Timing Information : Time (s): cpu = 00:00:10 ; elapsed = 00:00:14 . Memory (MB): peak = 2258.906 ; gain = 94.633 ; free physical = 718 ; free virtual = 1760
---------------------------------------------------------------------------------
---------------------------------------------------------------------------------
Start Applying 'set_property' XDC Constraints
---------------------------------------------------------------------------------
---------------------------------------------------------------------------------
Finished applying 'set_property' XDC Constraints : Time (s): cpu = 00:00:11 ; elapsed = 00:00:14 . Memory (MB): peak = 2258.906 ; gain = 94.633 ; free physical = 718 ; free virtual = 1760
---------------------------------------------------------------------------------
INFO: [Synth 8-802] inferred FSM for state register 'rFSM_current_reg' in module 'mp_adder'
---------------------------------------------------------------------------------------------------
                   State |                     New Encoding |                Previous Encoding 
---------------------------------------------------------------------------------------------------
                  s_IDLE |                              000 |                              000
             s_STORE_OPS |                              001 |                              001
             s_ADD_FIRST |                              010 |                              010
             s_ADD_WORDS |                              011 |                              011
                  s_DONE |                              100 |                              100
---------------------------------------------------------------------------------------------------
INFO: [Synth 8-3354] encoded FSM with state register 'rFSM_current_reg' using encoding 'sequential' in module 'mp_adder'
---------------------------------------------------------------------------------
Finished RTL Optimization Phase 2 : Time (s): cpu = 00:00:11 ; elapsed = 00:00:14 . Memory (MB): peak = 2258.906 ; gain = 94.633 ; free physical = 697 ; free virtual = 1748
---------------------------------------------------------------------------------
---------------------------------------------------------------------------------
Start RTL Component Statistics 
---------------------------------------------------------------------------------
Detailed RTL Component Info : 
+---Adders : 
	   2 Input    3 Bit       Adders := 1     
+---XORs : 
	   3 Input      1 Bit         XORs := 240   
+---Registers : 
	              512 Bit    Registers := 3     
	                3 Bit    Registers := 1     
	                1 Bit    Registers := 2     
+---Muxes : 
	   2 Input  512 Bit        Muxes := 2     
	   2 Input   16 Bit        Muxes := 7     
	   5 Input    3 Bit        Muxes := 2     
	   2 Input    3 Bit        Muxes := 2     
	   2 Input    1 Bit        Muxes := 8     
	   5 Input    1 Bit        Muxes := 2     
---------------------------------------------------------------------------------
Finished RTL Component Statistics 
---------------------------------------------------------------------------------
---------------------------------------------------------------------------------
Start Part Resource Summary
---------------------------------------------------------------------------------
Part Resources:
DSPs: 220 (col length:60)
BRAMs: 280 (col length: RAMB18 60 RAMB36 30)
---------------------------------------------------------------------------------
Finished Part Resource Summary
---------------------------------------------------------------------------------
---------------------------------------------------------------------------------
Start Cross Boundary and Area Optimization
---------------------------------------------------------------------------------
---------------------------------------------------------------------------------
Finished Cross Boundary and Area Optimization : Time (s): cpu = 00:00:18 ; elapsed = 00:00:22 . Memory (MB): peak = 2258.906 ; gain = 94.633 ; free physical = 671 ; free virtual = 1727
---------------------------------------------------------------------------------
---------------------------------------------------------------------------------
Start Applying XDC Timing Constraints
---------------------------------------------------------------------------------
---------------------------------------------------------------------------------
Finished Applying XDC Timing Constraints : Time (s): cpu = 00:00:23 ; elapsed = 00:00:28 . Memory (MB): peak = 2258.906 ; gain = 94.633 ; free physical = 533 ; free virtual = 1598
---------------------------------------------------------------------------------
---------------------------------------------------------------------------------
Start Timing Optimization
---------------------------------------------------------------------------------
---------------------------------------------------------------------------------
Finished Timing Optimization : Time (s): cpu = 00:00:24 ; elapsed = 00:00:29 . Memory (MB): peak = 2258.906 ; gain = 94.633 ; free physical = 520 ; free virtual = 1590
---------------------------------------------------------------------------------
---------------------------------------------------------------------------------
Start Technology Mapping
---------------------------------------------------------------------------------
---------------------------------------------------------------------------------
Finished Technology Mapping : Time (s): cpu = 00:00:25 ; elapsed = 00:00:30 . Memory (MB): peak = 2267.922 ; gain = 103.648 ; free physical = 524 ; free virtual = 1594
---------------------------------------------------------------------------------
---------------------------------------------------------------------------------
Start IO Insertion
---------------------------------------------------------------------------------
---------------------------------------------------------------------------------
Start Flattening Before IO Insertion
---------------------------------------------------------------------------------
---------------------------------------------------------------------------------
Finished Flattening Before IO Insertion
---------------------------------------------------------------------------------
---------------------------------------------------------------------------------
Start Final Netlist Cleanup
---------------------------------------------------------------------------------
---------------------------------------------------------------------------------
Finished Final Netlist Cleanup
---------------------------------------------------------------------------------
---------------------------------------------------------------------------------
Finished IO Insertion : Time (s): cpu = 00:00:28 ; elapsed = 00:00:34 . Memory (MB): peak = 2273.859 ; gain = 109.586 ; free physical = 502 ; free virtual = 1575
---------------------------------------------------------------------------------
---------------------------------------------------------------------------------
Start Renaming Generated Instances
---------------------------------------------------------------------------------
---------------------------------------------------------------------------------
Finished Renaming Generated Instances : Time (s): cpu = 00:00:28 ; elapsed = 00:00:34 . Memory (MB): peak = 2273.859 ; gain = 109.586 ; free physical = 502 ; free virtual = 1575
---------------------------------------------------------------------------------
---------------------------------------------------------------------------------
Start Rebuilding User Hierarchy
---------------------------------------------------------------------------------
---------------------------------------------------------------------------------
Finished Rebuilding User Hierarchy : Time (s): cpu = 00:00:29 ; elapsed = 00:00:34 . Memory (MB): peak = 2273.859 ; gain = 109.586 ; free physical = 493 ; free virtual = 1568
---------------------------------------------------------------------------------
---------------------------------------------------------------------------------
Start Renaming Generated Ports
---------------------------------------------------------------------------------
---------------------------------------------------------------------------------
Finished Renaming Generated Ports : Time (s): cpu = 00:00:29 ; elapsed = 00:00:34 . Memory (MB): peak = 2273.859 ; gain = 109.586 ; free physical = 493 ; free virtual = 1568
---------------------------------------------------------------------------------
---------------------------------------------------------------------------------
Start Handling Custom Attributes
---------------------------------------------------------------------------------
---------------------------------------------------------------------------------
Finished Handling Custom Attributes : Time (s): cpu = 00:00:29 ; elapsed = 00:00:34 . Memory (MB): peak = 2273.859 ; gain = 109.586 ; free physical = 487 ; free virtual = 1569
---------------------------------------------------------------------------------
---------------------------------------------------------------------------------
Start Renaming Generated Nets
---------------------------------------------------------------------------------
---------------------------------------------------------------------------------
Finished Renaming Generated Nets : Time (s): cpu = 00:00:29 ; elapsed = 00:00:34 . Memory (MB): peak = 2273.859 ; gain = 109.586 ; free physical = 486 ; free virtual = 1570
---------------------------------------------------------------------------------
---------------------------------------------------------------------------------
Start Writing Synthesis Report
---------------------------------------------------------------------------------

Report BlackBoxes: 
+-+--------------+----------+
| |BlackBox name |Instances |
+-+--------------+----------+
+-+--------------+----------+

Report Cell Usage: 
+------+------+------+
|      |Cell  |Count |
+------+------+------+
|1     |BUFG  |     1|
|2     |LUT2  |   107|
|3     |LUT3  |    33|
|4     |LUT4  |   442|
|5     |LUT5  |   953|
|6     |LUT6  |   485|
|7     |MUXF7 |     5|
|8     |FDRE  |  1552|
|9     |IBUF  |  1027|
|10    |OBUF  |   514|
+------+------+------+
---------------------------------------------------------------------------------
Finished Writing Synthesis Report : Time (s): cpu = 00:00:29 ; elapsed = 00:00:34 . Memory (MB): peak = 2273.859 ; gain = 109.586 ; free physical = 484 ; free virtual = 1570
---------------------------------------------------------------------------------
Synthesis finished with 0 errors, 0 critical warnings and 0 warnings.
Synthesis Optimization Runtime : Time (s): cpu = 00:00:27 ; elapsed = 00:00:32 . Memory (MB): peak = 2273.859 ; gain = 14.953 ; free physical = 533 ; free virtual = 1626
Synthesis Optimization Complete : Time (s): cpu = 00:00:29 ; elapsed = 00:00:34 . Memory (MB): peak = 2273.867 ; gain = 109.586 ; free physical = 533 ; free virtual = 1626
INFO: [Project 1-571] Translating synthesized netlist
Netlist sorting complete. Time (s): cpu = 00:00:00.02 ; elapsed = 00:00:00.03 . Memory (MB): peak = 2273.867 ; gain = 0.000 ; free physical = 596 ; free virtual = 1693
INFO: [Netlist 29-17] Analyzing 5 Unisim elements for replacement
INFO: [Netlist 29-28] Unisim Transformation completed in 0 CPU seconds
WARNING: [Netlist 29-101] Netlist 'mp_adder' is not ideal for floorplanning, since the cellview 'mp_adder' contains a large number of primitives.  Please consider enabling hierarchy in synthesis if you want to do floorplanning.
INFO: [Project 1-570] Preparing netlist for logic optimization
INFO: [Opt 31-138] Pushed 0 inverter(s) to 0 load pin(s).
Netlist sorting complete. Time (s): cpu = 00:00:00 ; elapsed = 00:00:00 . Memory (MB): peak = 2273.867 ; gain = 0.000 ; free physical = 566 ; free virtual = 1670
INFO: [Project 1-111] Unisim Transformation Summary:
No Unisim elements were transformed.

INFO: [Common 17-83] Releasing license: Synthesis
25 Infos, 3 Warnings, 2 Critical Warnings and 0 Errors encountered.
synth_design completed successfully
synth_design: Time (s): cpu = 00:00:39 ; elapsed = 00:00:41 . Memory (MB): peak = 2273.867 ; gain = 109.695 ; free physical = 709 ; free virtual = 1813
INFO: [Common 17-1381] The checkpoint '/media/jeffee/T7/vivado/Final/Final.runs/synth_1/mp_adder.dcp' has been generated.
INFO: [runtcl-4] Executing : report_utilization -file mp_adder_utilization_synth.rpt -pb mp_adder_utilization_synth.pb
INFO: [Common 17-206] Exiting Vivado at Fri Apr 28 09:19:56 2023...
