Vivado Simulator 2020.1
Copyright 1986-1999, 2001-2020 Xilinx, Inc. All Rights Reserved.
Running: /tools/Xilinx/Vivado/2020.1/bin/unwrapped/lnx64.o/xelab -wto 7716563f8bc4431197a47444ccae442a --incr --debug typical --relax --mt 8 -L xil_defaultlib -L unisims_ver -L unimacro_ver -L secureip -L xpm --snapshot uart_top_sub_TB_behav xil_defaultlib.uart_top_sub_TB xil_defaultlib.glbl -log elaborate.log 
Using 8 slave threads.
Starting static elaboration
Pass Through NonSizing Optimizer
WARNING: [VRFC 10-3091] actual bit length 32 differs from formal bit length 1 for port 'cin' [/media/jeffee/T7/vivado/Final/Final.srcs/sources_1/new/CSA_MUX.v:60]
WARNING: [VRFC 10-3091] actual bit length 32 differs from formal bit length 1 for port 'cin' [/media/jeffee/T7/vivado/Final/Final.srcs/sources_1/new/CSA_MUX.v:61]
Completed static elaboration
Starting simulation data flow analysis
Completed simulation data flow analysis
Time Resolution for simulation is 1ps
Compiling module xil_defaultlib.uart_tx(CLK_FREQ=100,BAUD_RATE=1...
Compiling module xil_defaultlib.uart_rx_sub(CLK_FREQ=100,BAUD_RA...
Compiling module xil_defaultlib.partial_full_adder
Compiling module xil_defaultlib.CLA_16b_EXP
Compiling module xil_defaultlib.CSA_MUX_default
Compiling module xil_defaultlib.mp_adder_sub(N_ITERATIONS=4)
Compiling module xil_defaultlib.uart_top_sub(NBYTES=64,CLK_FREQ=...
Compiling module xil_defaultlib.uart_top_sub_TB
Compiling module xil_defaultlib.glbl
Built simulation snapshot uart_top_sub_TB_behav
