#
# An unexpected error has occurred (11)
#
Stack:
/tools/Xilinx/Vivado/2020.1/tps/lnx64/jre9.0.4/lib//server/libjvm.so(+0xb6aadb) [0x7f4d0bfb8adb]
/tools/Xilinx/Vivado/2020.1/tps/lnx64/jre9.0.4/lib//server/libjvm.so(JVM_handle_linux_signal+0xbb) [0x7f4d0bfbde1b]
/tools/Xilinx/Vivado/2020.1/tps/lnx64/jre9.0.4/lib//server/libjvm.so(+0xb647b8) [0x7f4d0bfb27b8]
/lib/x86_64-linux-gnu/libc.so.6(+0x3ef10) [0x7f4d5d4e6f10]
/tools/Xilinx/Vivado/2020.1/lib/lnx64.o/librdi_wavedata.so(WVDAppInterface::WVDWindowManager::createWcfg(std::__cxx11::basic_string<char, std::char_traits<char>, std::allocator<char> > const&)+0x545) [0x7f4d1c5ffa15]
/tools/Xilinx/Vivado/2020.1/lib/lnx64.o/librdi_wavedatatasks.so(WVWaveObjectOptionsImp::parseOptions()+0x241) [0x7f4cc2b248a1]
/tools/Xilinx/Vivado/2020.1/lib/lnx64.o/librdi_wavedatatasks.so(+0xdcee3) [0x7f4cc2aebee3]
/tools/Xilinx/Vivado/2020.1/lib/lnx64.o/librdi_common.so(+0x9627f2) [0x7f4d5e9b17f2]
/tools/Xilinx/Vivado/2020.1/lib/lnx64.o/libtcl8.5.so(+0x334af) [0x7f4d588184af]
/tools/Xilinx/Vivado/2020.1/lib/lnx64.o/libtcl8.5.so(+0x76875) [0x7f4d5885b875]
/tools/Xilinx/Vivado/2020.1/lib/lnx64.o/libtcl8.5.so(+0x7e029) [0x7f4d58863029]
/tools/Xilinx/Vivado/2020.1/lib/lnx64.o/libtcl8.5.so(TclEvalObjEx+0x76) [0x7f4d5881a156]
/tools/Xilinx/Vivado/2020.1/lib/lnx64.o/libtcl8.5.so(+0x3e754) [0x7f4d58823754]
/tools/Xilinx/Vivado/2020.1/lib/lnx64.o/libtcl8.5.so(+0x334af) [0x7f4d588184af]
/tools/Xilinx/Vivado/2020.1/lib/lnx64.o/libtcl8.5.so(+0x76875) [0x7f4d5885b875]
/tools/Xilinx/Vivado/2020.1/lib/lnx64.o/libtcl8.5.so(+0x7e029) [0x7f4d58863029]
/tools/Xilinx/Vivado/2020.1/lib/lnx64.o/libtcl8.5.so(TclEvalObjEx+0x76) [0x7f4d5881a156]
/tools/Xilinx/Vivado/2020.1/lib/lnx64.o/libtcl8.5.so(+0x3e754) [0x7f4d58823754]
/tools/Xilinx/Vivado/2020.1/lib/lnx64.o/libtcl8.5.so(+0x334af) [0x7f4d588184af]
/tools/Xilinx/Vivado/2020.1/lib/lnx64.o/libtcl8.5.so(+0x34b38) [0x7f4d58819b38]
/tools/Xilinx/Vivado/2020.1/lib/lnx64.o/libtcl8.5.so(Tcl_EvalEx+0x13) [0x7f4d5881a0a3]
/tools/Xilinx/Vivado/2020.1/lib/lnx64.o/libtcl8.5.so(Tcl_FSEvalFileEx+0x1da) [0x7f4d5887ec5a]
/tools/Xilinx/Vivado/2020.1/lib/lnx64.o/librdi_commontasks.so(+0x1f895d) [0x7f4d52af895d]
/tools/Xilinx/Vivado/2020.1/lib/lnx64.o/librdi_common.so(+0x9627f2) [0x7f4d5e9b17f2]
/tools/Xilinx/Vivado/2020.1/lib/lnx64.o/libtcl8.5.so(+0x334af) [0x7f4d588184af]
/tools/Xilinx/Vivado/2020.1/lib/lnx64.o/libtcl8.5.so(Tcl_EvalObjv+0x32) [0x7f4d588185e2]
/tools/Xilinx/Vivado/2020.1/lib/lnx64.o/libtcl8.5.so(TclEvalObjEx+0x322) [0x7f4d5881a402]
/tools/Xilinx/Vivado/2020.1/lib/lnx64.o/librdi_common.so(hdi::tcltasks::task_manager::eval_in_tcl(Tcl_Interp*, Tcl_Obj*, char const*, bool)+0xa99) [0x7f4d5e9b3609]
/tools/Xilinx/Vivado/2020.1/lib/lnx64.o/librdi_simtcltasks.so(RSTTclHelper::processTclbatchOption(hdi::tcltasks::task_options_base&, Tcl_Interp*)+0x114) [0x7f4cc2e96864]
/tools/Xilinx/Vivado/2020.1/lib/lnx64.o/librdi_simtcltasks.so(+0x1ebb7c) [0x7f4cc2fc0b7c]
/tools/Xilinx/Vivado/2020.1/lib/lnx64.o/librdi_common.so(+0x9627f2) [0x7f4d5e9b17f2]
/tools/Xilinx/Vivado/2020.1/lib/lnx64.o/libtcl8.5.so(+0x334af) [0x7f4d588184af]
/tools/Xilinx/Vivado/2020.1/lib/lnx64.o/libtcl8.5.so(+0x76875) [0x7f4d5885b875]
/tools/Xilinx/Vivado/2020.1/lib/lnx64.o/libtcl8.5.so(+0x7e029) [0x7f4d58863029]
/tools/Xilinx/Vivado/2020.1/lib/lnx64.o/libtcl8.5.so(TclEvalObjEx+0x76) [0x7f4d5881a156]
/tools/Xilinx/Vivado/2020.1/lib/lnx64.o/librdi_common.so(hdi::tcltasks::task_manager::eval_in_tcl(Tcl_Interp*, Tcl_Obj*, char const*, bool)+0xa99) [0x7f4d5e9b3609]
/tools/Xilinx/Vivado/2020.1/lib/lnx64.o/librdi_common.so(hdi::tcltasks::task_manager::eval_in_tcl(Tcl_Interp*, char const*, char const*, bool)+0x12a) [0x7f4d5e9b411a]
/tools/Xilinx/Vivado/2020.1/lib/lnx64.o/librdi_common.so(hdi::tcltasks::task_manager::eval_in_tcl_throw(Tcl_Interp*, char const*, char const*, bool)+0x10) [0x7f4d5e9b4240]
/tools/Xilinx/Vivado/2020.1/lib/lnx64.o/librdi_simtcltasks.so(+0x1e7509) [0x7f4cc2fbc509]
/tools/Xilinx/Vivado/2020.1/lib/lnx64.o/librdi_common.so(+0x9627f2) [0x7f4d5e9b17f2]
/tools/Xilinx/Vivado/2020.1/lib/lnx64.o/libtcl8.5.so(+0x334af) [0x7f4d588184af]
/tools/Xilinx/Vivado/2020.1/lib/lnx64.o/libtcl8.5.so(+0x76875) [0x7f4d5885b875]
/tools/Xilinx/Vivado/2020.1/lib/lnx64.o/libtcl8.5.so(+0x7e029) [0x7f4d58863029]
/tools/Xilinx/Vivado/2020.1/lib/lnx64.o/libtcl8.5.so(TclEvalObjEx+0x76) [0x7f4d5881a156]
/tools/Xilinx/Vivado/2020.1/lib/lnx64.o/librdi_common.so(+0x960d01) [0x7f4d5e9afd01]
/tools/Xilinx/Vivado/2020.1/lib/lnx64.o/libtcl8.5.so(Tcl_ServiceEvent+0x7f) [0x7f4d5888cb0f]
/tools/Xilinx/Vivado/2020.1/lib/lnx64.o/libtcl8.5.so(Tcl_DoOneEvent+0x154) [0x7f4d5888ce44]
/tools/Xilinx/Vivado/2020.1/lib/lnx64.o/librdi_commontasks.so(+0x23c7e5) [0x7f4d52b3c7e5]
/tools/Xilinx/Vivado/2020.1/lib/lnx64.o/librdi_commontasks.so(+0x23f8f1) [0x7f4d52b3f8f1]
/tools/Xilinx/Vivado/2020.1/lib/lnx64.o/librdi_commontasks.so(+0x24093e) [0x7f4d52b4093e]
/tools/Xilinx/Vivado/2020.1/lib/lnx64.o/librdi_common.so(+0x9627f2) [0x7f4d5e9b17f2]
/tools/Xilinx/Vivado/2020.1/lib/lnx64.o/libtcl8.5.so(+0x334af) [0x7f4d588184af]
/tools/Xilinx/Vivado/2020.1/lib/lnx64.o/libtcl8.5.so(+0x76875) [0x7f4d5885b875]
/tools/Xilinx/Vivado/2020.1/lib/lnx64.o/libtcl8.5.so(+0x7e029) [0x7f4d58863029]
/tools/Xilinx/Vivado/2020.1/lib/lnx64.o/libtcl8.5.so(TclEvalObjEx+0x76) [0x7f4d5881a156]
/tools/Xilinx/Vivado/2020.1/lib/lnx64.o/librdi_commonmain.so(+0xad53) [0x7f4d5de47d53]
/tools/Xilinx/Vivado/2020.1/lib/lnx64.o/libtcl8.5.so(Tcl_Main+0x1d0) [0x7f4d58885210]
/tools/Xilinx/Vivado/2020.1/lib/lnx64.o/librdi_common.so(+0x9a6e6b) [0x7f4d5e9f5e6b]
/lib/x86_64-linux-gnu/libpthread.so.0(+0x76db) [0x7f4d5d2906db]
/lib/x86_64-linux-gnu/libc.so.6(clone+0x3f) [0x7f4d5d5c961f]
