Vivado Simulator 2020.1
Time resolution is 1 ps
00010010
00000000
00010010
00000000
00010010
00000000
00010010
00000000
00110100
00000000
00110100
00000000
00110100
00000000
00110100
00000000
01010110
00000000
01010110
00000000
01010110
00000000
01010110
00000000
01111000
00000000
01111000
00000000
01111000
00000000
01111000
00000000
00010010
00000000
00010010
00000000
00010010
00000000
00010010
00000000
00110100
00000000
00110100
00000000
00110100
00000000
00110100
00000000
01010110
00000000
01010110
00000000
01010110
00000000
01010110
00000000
01111000
00000000
01111000
00000000
01111000
00000000
01111000
00000000
00010010
00000000
00010010
00000000
00010010
00000000
00010010
00000000
00110100
00000000
00110100
00000000
00110100
00000000
00110100
00000000
01010110
00000000
01010110
00000000
01010110
00000000
01010110
00000000
01111000
00000000
01111000
00000000
01111000
00000000
01111000
00000000
00010010
00000000
00010010
00000000
00010010
00000000
00010010
00000000
00110100
00000000
00110100
00000000
00110100
00000000
00110100
00000000
01010110
00000000
01010110
00000000
01010110
00000000
01010110
00000000
01111000
00000000
01111000
00000000
01111000
00000000
01111000
00000000
11101111
00000000
11101111
00000000
11101111
00000000
11101111
00000000
11001101
00000000
11001101
00000000
11001101
00000000
11001101
00000000
10101011
00000000
10101011
00000000
10101011
00000000
10101011
00000000
10010000
00000000
10010000
00000000
10010000
00000000
10010000
00000000
11101111
00000000
11101111
00000000
11101111
00000000
11101111
00000000
11001101
00000000
11001101
00000000
11001101
00000000
11001101
00000000
10101011
00000000
10101011
00000000
10101011
00000000
10101011
00000000
10010000
00000000
10010000
00000000
10010000
00000000
10010000
00000000
11101111
00000000
11101111
00000000
11101111
00000000
11101111
00000000
11001101
00000000
11001101
00000000
11001101
00000000
11001101
00000000
10101011
00000000
10101011
00000000
10101011
00000000
10101011
00000000
10010000
00000000
10010000
00000000
10010000
00000000
10010000
00000000
11101111
00000000
11101111
00000000
11101111
00000000
11101111
00000000
11001101
00000000
11001101
00000000
11001101
00000000
11001101
00000000
10101011
00000000
10101011
00000000
10101011
00000000
10101011
00000000
10010000
00000000
10010000
00000000
10010000
00000000
10010000
00000000
00000001
00000000
